19_38_48_365 [INFO] Directory already present - logs
19_38_48_378 [INFO] Directory already present - backups\images
19_38_48_379 [INFO] All directories needed are present
19_38_48_382 [INFO] Waiting for user input...
19_38_48_488 [INFO] File loaded: 4k-retro-80s-wallpaper-fhd-1920x1080.jpg
19_38_48_489 [INFO] Provided file extension is supported: jpg
19_38_48_491 [INFO] New directory has been created - 220125_19384838
19_38_48_500 [INFO] Waiting for user input...
19_38_49_400 [ERROR] The number of parts is incorrect! 40
19_38_49_401 [INFO] Waiting for user input...
19_38_52_333 [INFO] All the blocks will cover the area of number of blocks: 143
19_38_52_335 [INFO] Number of parts used(numberically): 144
19_38_52_337 [INFO] Width and height of a part in pixels: 120
19_38_52_338 [INFO] Percentage edges rounded vertically: 0.0
19_38_52_339 [INFO] Percentage edges rounded horizontally: 0.0
19_38_52_852 [INFO] New directory has been created - blocks
19_38_53_053 [INFO] All the blocks have been successfully generated
19_49_18_970 [INFO] Directory already present - logs
19_49_18_971 [INFO] Directory already present - backups\images
19_49_18_972 [INFO] All directories needed are present
19_49_18_975 [INFO] Waiting for user input...
19_49_18_988 [INFO] File loaded: 4k-retro-80s-wallpaper-fhd-1920x1080.jpg
19_49_18_989 [INFO] Provided file extension is supported: jpg
19_49_18_991 [INFO] New directory has been created - 220125_19491897
19_49_19_001 [INFO] Waiting for user input...
19_49_19_782 [ERROR] The number of parts is incorrect! 40
19_49_19_783 [INFO] Waiting for user input...
19_49_31_898 [INFO] All the blocks will cover the area of number of blocks: 46
19_49_31_900 [INFO] Number of parts used(numberically): 45
19_49_31_902 [INFO] Width and height of a part in pixels: 212
19_49_31_904 [INFO] Percentage edges rounded vertically: 0.09433962264151
19_49_31_905 [INFO] Percentage edges rounded horizontally: 0.056603773584905
19_49_32_376 [INFO] New directory has been created - blocks
19_49_32_487 [INFO] All the blocks have been successfully generated
19_50_22_614 [INFO] Directory already present - logs
19_50_22_616 [INFO] Directory already present - backups\images
19_50_22_617 [INFO] All directories needed are present
19_50_22_619 [INFO] Waiting for user input...
19_50_22_634 [INFO] File loaded: 4k-retro-80s-wallpaper-fhd-1920x1080.jpg
19_50_22_635 [INFO] Provided file extension is supported: jpg
19_50_22_636 [INFO] New directory has been created - 220125_19502262
19_50_22_645 [INFO] Waiting for user input...
19_51_32_823 [INFO] Directory already present - logs
19_51_32_824 [INFO] Directory already present - backups\images
19_51_32_825 [INFO] All directories needed are present
19_51_32_828 [INFO] Waiting for user input...
19_51_32_840 [INFO] File loaded: 4k-retro-80s-wallpaper-fhd-1920x1080.jpg
19_51_32_842 [INFO] Provided file extension is supported: jpg
19_51_32_843 [INFO] New directory has been created - 220125_19513282
19_51_32_851 [INFO] Waiting for user input...
19_51_54_971 [INFO] All the blocks will cover the area of number of blocks: 46
19_51_54_972 [INFO] Number of parts used(numberically): 45
19_51_54_973 [INFO] Width and height of a part in pixels: 212
19_51_54_974 [INFO] Percentage edges rounded vertically: 0.09433962264151
19_51_54_975 [INFO] Percentage edges rounded horizontally: 0.056603773584905
19_51_55_450 [INFO] New directory has been created - blocks
19_51_55_564 [INFO] All the blocks have been successfully generated
19_51_58_080 [INFO] Directory already present - logs
19_51_58_081 [INFO] Directory already present - backups\images
19_51_58_082 [INFO] All directories needed are present
19_51_58_085 [INFO] Waiting for user input...
19_51_58_098 [INFO] File loaded: 4k-retro-80s-wallpaper-fhd-1920x1080.jpg
19_51_58_099 [INFO] Provided file extension is supported: jpg
19_51_58_100 [INFO] New directory has been created - 220125_19515808
19_51_58_107 [INFO] Waiting for user input...
19_52_41_062 [INFO] Directory already present - logs
19_52_41_064 [INFO] Directory already present - backups\images
19_52_41_065 [INFO] All directories needed are present
19_52_41_068 [INFO] Waiting for user input...
19_52_41_080 [INFO] File loaded: 4k-retro-80s-wallpaper-fhd-1920x1080.jpg
19_52_41_081 [INFO] Provided file extension is supported: jpg
19_52_41_083 [INFO] New directory has been created - 220125_19524106
19_52_41_092 [INFO] Waiting for user input...
19_52_42_810 [INFO] Waiting for user input...
19_57_11_154 [ERROR] The number of parts is incorrect! 130
19_57_11_156 [INFO] Waiting for user input...
19_57_15_850 [INFO] All the blocks will cover the area of number of blocks: 141
19_57_15_852 [INFO] Number of parts used(numberically): 144
19_57_15_854 [INFO] Width and height of a part in pixels: 121
19_57_15_856 [INFO] Percentage edges rounded vertically: 0.925619834710744
19_57_15_858 [INFO] Percentage edges rounded horizontally: 0.867768595041323
19_57_16_327 [INFO] New directory has been created - blocks
19_57_16_533 [INFO] All the blocks have been successfully generated
20_03_08_968 [INFO] Directory already present - logs
20_03_08_969 [INFO] Directory already present - backups\images
20_03_08_970 [INFO] All directories needed are present
20_03_08_973 [INFO] Waiting for user input...
20_03_08_989 [INFO] File loaded: 4k-retro-80s-wallpaper-fhd-1920x1080.jpg
20_03_08_990 [INFO] Provided file extension is supported: jpg
20_03_08_991 [INFO] New directory has been created - 220125_20030897
20_03_08_998 [INFO] Waiting for user input...
20_03_14_081 [INFO] Total number of blocks to cover all the area: 141
20_03_14_083 [INFO] Number of parts used(numerically): 144
20_03_14_084 [INFO] Width and height of every part in pixels: 121
20_03_14_086 [INFO] Percentage of edges rounded vertically: 0.07438016528925595
20_03_14_089 [INFO] Percentage of edges rounded horizontally: 0.13223140495867702
20_03_14_608 [INFO] New directory has been created - blocks
20_03_14_818 [INFO] All the blocks have been successfully generated
20_03_38_592 [INFO] Directory already present - logs
20_03_38_593 [INFO] Directory already present - backups\images
20_03_38_594 [INFO] All directories needed are present
20_03_38_597 [INFO] Waiting for user input...
20_03_38_611 [INFO] File loaded: 4k-retro-80s-wallpaper-fhd-1920x1080.jpg
20_03_38_612 [INFO] Provided file extension is supported: jpg
20_03_38_613 [INFO] New directory has been created - 220125_20033859
20_03_38_622 [INFO] Waiting for user input...
20_03_41_085 [INFO] Total number of blocks to cover all the area: 141
20_03_41_087 [INFO] Number of parts used(numerically): 144
20_03_41_089 [INFO] Width and height of every part in pixels: 121
20_03_41_091 [INFO] Percentage of edges rounded vertically: 0.07438016528925595
20_03_41_093 [INFO] Percentage of edges rounded horizontally: 0.13223140495867702
20_03_41_601 [INFO] New directory has been created - blocks
20_03_41_838 [INFO] All the blocks have been successfully generated
20_03_53_194 [INFO] Directory already present - logs
20_03_53_195 [INFO] Directory already present - backups\images
20_03_53_196 [INFO] All directories needed are present
20_03_53_198 [INFO] Waiting for user input...
20_03_53_212 [INFO] File loaded: 4k-retro-80s-wallpaper-fhd-1920x1080.jpg
20_03_53_213 [INFO] Provided file extension is supported: jpg
20_03_53_214 [INFO] New directory has been created - 220125_20035320
20_03_53_223 [INFO] Waiting for user input...
20_03_54_423 [INFO] Total number of blocks to cover all the area: 141
20_03_54_424 [INFO] Number of parts used(numerically): 144
20_03_54_425 [INFO] Width and height of every part in pixels: 121
20_03_54_426 [INFO] Percentage of edges rounded vertically: 0.07438016528925595
20_03_54_428 [INFO] Percentage of edges rounded horizontally: 0.13223140495867702
20_03_54_948 [INFO] New directory has been created - blocks
20_03_55_225 [INFO] All the blocks have been successfully generated
20_06_53_986 [INFO] Directory already present - logs
20_06_53_987 [INFO] Directory already present - backups\images
20_06_53_988 [INFO] All directories needed are present
20_06_53_991 [INFO] Waiting for user input...
20_06_54_005 [INFO] File loaded: 4k-retro-80s-wallpaper-fhd-1920x1080.jpg
20_06_54_006 [INFO] Provided file extension is supported: jpg
20_06_54_008 [INFO] New directory has been created - 220125_20065399
20_06_54_015 [INFO] Waiting for user input...
20_06_55_782 [INFO] Number of parts used(in terms of an area covered): 141
20_06_55_783 [INFO] Total number of parts used: 144
20_06_55_784 [INFO] Width and height of every part in pixels: 121
20_06_55_785 [INFO] Percentage of edges rounded vertically: 0.07438016528925595
20_06_55_786 [INFO] Percentage of edges rounded horizontally: 0.13223140495867702
20_06_56_287 [INFO] New directory has been created - blocks
20_06_56_507 [INFO] All the blocks have been successfully generated
20_07_57_678 [INFO] Directory already present - logs
20_07_57_680 [INFO] Directory already present - backups\images
20_07_57_682 [INFO] All directories needed are present
20_07_57_684 [INFO] Waiting for user input...
20_07_57_699 [INFO] File loaded: 4k-retro-80s-wallpaper-fhd-1920x1080.jpg
20_07_57_701 [INFO] Provided file extension is supported: jpg
20_07_57_702 [INFO] New directory has been created - 220125_20075768
20_07_57_713 [INFO] Waiting for user input...
20_07_59_512 [INFO] Number of parts used(in terms of an area covered): 141
20_07_59_514 [INFO] Total number of parts used: 144
20_07_59_516 [INFO] Width and height of every part in pixels(excluding last row & column): 121
20_07_59_518 [INFO] Percentage of edges rounded vertically: 0.07438016528925595
20_07_59_519 [INFO] Percentage of edges rounded horizontally: 0.13223140495867702
20_08_00_050 [INFO] New directory has been created - blocks
20_08_00_258 [INFO] All the blocks have been successfully generated
20_21_35_256 [INFO] Directory already present - logs
20_21_35_257 [INFO] Directory already present - backups\images
20_21_35_258 [INFO] All directories needed are present
20_21_35_260 [INFO] Waiting for user input...
20_21_35_275 [INFO] File loaded: 4k-retro-80s-wallpaper-fhd-1920x1080.jpg
20_21_35_276 [INFO] Provided file extension is supported: jpg
20_21_35_277 [INFO] New directory has been created - 220125_20213526
20_21_35_286 [INFO] Waiting for user input...
20_24_29_519 [INFO] Number of parts used(in terms of an area covered): 141
20_24_29_522 [INFO] Total number of parts used: 144
20_24_29_524 [INFO] Width and height of every part in pixels(excluding last row & column): 121
20_24_29_526 [INFO] Percentage of edges rounded vertically: 0.07438016528925595
20_24_29_528 [INFO] Percentage of edges rounded horizontally: 0.13223140495867702
20_24_29_997 [INFO] New directory has been created - blocks
20_24_30_207 [INFO] All the blocks have been successfully generated
22_01_59_708 [INFO] Directory already present - logs
22_01_59_710 [INFO] Directory already present - backups\images
22_01_59_711 [INFO] All directories needed are present
22_01_59_714 [INFO] Waiting for user input...
22_02_44_137 [INFO] Directory already present - logs
22_02_44_137 [INFO] Directory already present - backups\images
22_02_44_138 [INFO] All directories needed are present
22_02_44_141 [INFO] Waiting for user input...
22_03_31_122 [INFO] File loaded: 540654.jpg
22_03_31_123 [INFO] Provided file extension is supported: jpg
22_03_31_126 [INFO] New directory has been created - 220125_22033110
22_03_31_142 [INFO] Waiting for user input...
22_04_07_443 [ERROR] The number of parts is incorrect! 400
22_04_07_446 [INFO] Waiting for user input...
22_04_47_451 [INFO] Number of parts used(in terms of an area covered): 569
22_04_47_454 [INFO] Total number of parts used: 576
22_04_47_456 [INFO] Width and height of every part in pixels(excluding last row & column): 80
22_04_47_457 [INFO] Percentage of edges rounded vertically: 1.0
22_04_47_458 [INFO] Percentage of edges rounded horizontally: 1.0
22_04_48_285 [INFO] New directory has been created - blocks
22_04_48_911 [INFO] All the blocks have been successfully generated
22_07_09_495 [INFO] Directory already present - logs
22_07_09_497 [INFO] Directory already present - backups\images
22_07_09_498 [INFO] All directories needed are present
22_07_09_502 [INFO] Waiting for user input...
22_07_09_516 [INFO] File loaded: 4k-retro-80s-wallpaper-fhd-1920x1080.jpg
22_07_09_517 [INFO] Provided file extension is supported: jpg
22_07_09_519 [INFO] New directory has been created - 220125_22070950
22_07_09_527 [INFO] Waiting for user input...
22_07_12_943 [INFO] Number of parts used(in terms of an area covered): 145
22_07_12_945 [INFO] Total number of parts used: 144
22_07_12_946 [INFO] Width and height of every part in pixels(excluding last row & column): 120
22_07_12_948 [INFO] Percentage of edges rounded vertically: 1.0
22_07_12_950 [INFO] Percentage of edges rounded horizontally: 1.0
22_07_13_459 [INFO] New directory has been created - blocks
22_07_13_685 [INFO] All the blocks have been successfully generated
22_56_57_728 [INFO] Directory already present - logs
22_56_57_730 [INFO] Directory already present - backups\images
22_56_57_731 [INFO] All directories needed are present
22_56_57_734 [INFO] Waiting for user input...
22_56_57_746 [INFO] File loaded: 4k-retro-80s-wallpaper-fhd-1920x1080.jpg
22_56_57_747 [INFO] Provided file extension is supported: jpg
22_56_57_748 [INFO] New directory has been created - 220125_22565773
22_56_57_756 [INFO] Waiting for user input...
22_57_00_432 [INFO] Number of parts used(in terms of an area covered): 145
22_57_00_434 [INFO] Total number of parts used: 144
22_57_00_436 [INFO] Width and height of every part in pixels(excluding last row & column): 120
22_57_00_437 [INFO] Percentage of edges rounded vertically: 1.0
22_57_00_439 [INFO] Percentage of edges rounded horizontally: 1.0
22_57_00_914 [INFO] New directory has been created - blocks
22_57_01_106 [INFO] All the blocks have been successfully generated
23_00_22_874 [INFO] Directory already present - logs
23_00_22_875 [INFO] Directory already present - backups\images
23_00_22_876 [INFO] All directories needed are present
23_00_22_879 [INFO] Waiting for user input...
23_00_22_896 [INFO] File loaded: 4k-retro-80s-wallpaper-fhd-1920x1080.jpg
23_00_22_897 [INFO] Provided file extension is supported: jpg
23_00_22_898 [INFO] New directory has been created - 220125_23002288
23_00_22_907 [INFO] Waiting for user input...
23_00_24_375 [INFO] Number of parts used(in terms of an area covered): 145
23_00_24_377 [INFO] Total number of parts used: 144
23_00_24_379 [INFO] Width and height of every part in pixels(excluding last row & column): 120
23_00_24_381 [INFO] Percentage of edges rounded vertically: 1.0
23_00_24_382 [INFO] Percentage of edges rounded horizontally: 1.0
23_00_24_853 [INFO] New directory has been created - blocks
23_00_25_064 [INFO] All the blocks have been successfully generated
23_07_47_218 [INFO] Directory already present - logs
23_07_47_219 [INFO] Directory already present - backups\images
23_07_47_220 [INFO] All directories needed are present
23_07_47_223 [INFO] Waiting for user input...
23_07_47_238 [INFO] File loaded: 4k-retro-80s-wallpaper-fhd-1920x1080.jpg
23_07_47_239 [INFO] Provided file extension is supported: jpg
23_07_47_240 [INFO] New directory has been created - 220125_23074722
23_07_47_249 [INFO] Waiting for user input...
23_07_50_866 [INFO] Number of parts used(in terms of an area covered): 145
23_07_50_868 [INFO] Total number of parts used: 144
23_07_50_870 [INFO] Width and height of every part in pixels(excluding last row & column): 120
23_07_50_872 [INFO] Percentage of edges rounded vertically: 1.0
23_07_50_874 [INFO] Percentage of edges rounded horizontally: 1.0
23_07_51_339 [INFO] New directory has been created - blocks
23_07_51_529 [INFO] All the blocks have been successfully generated
23_23_17_519 [INFO] Directory already present - logs
23_23_17_520 [INFO] Directory already present - backups\images
23_23_17_521 [INFO] All directories needed are present
23_23_17_524 [INFO] Waiting for user input...
23_23_17_540 [INFO] File loaded: 4k-retro-80s-wallpaper-fhd-1920x1080.jpg
23_23_17_541 [INFO] Provided file extension is supported: jpg
23_23_17_542 [INFO] New directory has been created - 220125_23231752
23_23_17_550 [INFO] Waiting for user input...
23_23_20_258 [INFO] Number of parts used(in terms of an area covered): 145
23_23_20_259 [INFO] Total number of parts used: 144
23_23_20_261 [INFO] Width and height of every part in pixels(excluding last row & column): 120
23_23_20_262 [INFO] Percentage of edges rounded vertically: 1.0
23_23_20_263 [INFO] Percentage of edges rounded horizontally: 1.0
23_23_20_737 [INFO] New directory has been created - blocks
23_23_20_944 [INFO] All the blocks have been successfully generated
23_24_36_946 [INFO] Directory already present - logs
23_24_36_947 [INFO] Directory already present - backups\images
23_24_36_949 [INFO] All directories needed are present
23_24_36_956 [INFO] Waiting for user input...
23_24_57_075 [INFO] Directory already present - logs
23_24_57_076 [INFO] Directory already present - backups\images
23_24_57_077 [INFO] All directories needed are present
23_24_57_080 [INFO] Waiting for user input...
23_24_57_096 [INFO] File loaded: 4k-retro-80s-wallpaper-fhd-1920x1080.jpg
23_24_57_097 [INFO] Provided file extension is supported: jpg
23_24_57_098 [INFO] New directory has been created - 220125_23245708
23_24_57_107 [INFO] Waiting for user input...
23_24_58_341 [INFO] Number of parts used(in terms of an area covered): 145
23_24_58_343 [INFO] Total number of parts used: 144
23_24_58_344 [INFO] Width and height of every part in pixels(excluding last row & column): 120
23_24_58_345 [INFO] Percentage of edges rounded vertically: 1.0
23_24_58_347 [INFO] Percentage of edges rounded horizontally: 1.0
23_24_58_884 [INFO] New directory has been created - blocks
23_24_59_102 [INFO] All the blocks have been successfully generated
23_26_45_119 [INFO] Directory already present - logs
23_26_45_123 [INFO] Directory already present - backups\images
23_26_45_124 [INFO] All directories needed are present
23_26_45_127 [INFO] Waiting for user input...
23_26_45_141 [INFO] File loaded: 4k-retro-80s-wallpaper-fhd-1920x1080.jpg
23_26_45_142 [INFO] Provided file extension is supported: jpg
23_26_45_144 [INFO] New directory has been created - 220125_23264512
23_26_45_152 [INFO] Waiting for user input...
23_26_45_796 [INFO] Number of parts used(in terms of an area covered): 145
23_26_45_797 [INFO] Total number of parts used: 144
23_26_45_798 [INFO] Width and height of every part in pixels(excluding last row & column): 120
23_26_45_799 [INFO] Percentage of edges rounded vertically: 1.0
23_26_45_800 [INFO] Percentage of edges rounded horizontally: 1.0
23_26_46_365 [INFO] New directory has been created - blocks
23_26_46_588 [INFO] All the blocks have been successfully generated
23_26_56_637 [INFO] Directory already present - logs
23_26_56_638 [INFO] Directory already present - backups\images
23_26_56_639 [INFO] All directories needed are present
23_26_56_642 [INFO] Waiting for user input...
23_26_56_657 [INFO] File loaded: 4k-retro-80s-wallpaper-fhd-1920x1080.jpg
23_26_56_658 [INFO] Provided file extension is supported: jpg
23_26_56_659 [INFO] New directory has been created - 220125_23265664
23_26_56_671 [INFO] Waiting for user input...
23_26_57_463 [INFO] Number of parts used(in terms of an area covered): 145
23_26_57_465 [INFO] Total number of parts used: 144
23_26_57_466 [INFO] Width and height of every part in pixels(excluding last row & column): 120
23_26_57_468 [INFO] Percentage of edges rounded vertically: 1.0
23_26_57_469 [INFO] Percentage of edges rounded horizontally: 1.0
23_26_58_040 [INFO] New directory has been created - blocks
23_26_58_256 [INFO] All the blocks have been successfully generated
23_27_34_700 [INFO] Directory already present - logs
23_27_34_702 [INFO] Directory already present - backups\images
23_27_34_703 [INFO] All directories needed are present
23_27_34_705 [INFO] Waiting for user input...
23_27_34_718 [INFO] File loaded: 4k-retro-80s-wallpaper-fhd-1920x1080.jpg
23_27_34_719 [INFO] Provided file extension is supported: jpg
23_27_34_721 [INFO] New directory has been created - 220125_23273470
23_27_34_730 [INFO] Waiting for user input...
23_27_35_640 [INFO] Number of parts used(in terms of an area covered): 145
23_27_35_641 [INFO] Total number of parts used: 144
23_27_35_642 [INFO] Width and height of every part in pixels(excluding last row & column): 120
23_27_35_643 [INFO] Percentage of edges rounded vertically: 1.0
23_27_35_644 [INFO] Percentage of edges rounded horizontally: 1.0
23_27_36_142 [INFO] New directory has been created - blocks
23_27_36_344 [INFO] All the blocks have been successfully generated
23_27_50_368 [INFO] Directory already present - logs
23_27_50_369 [INFO] Directory already present - backups\images
23_27_50_370 [INFO] All directories needed are present
23_27_50_373 [INFO] Waiting for user input...
23_27_50_387 [INFO] File loaded: 4k-retro-80s-wallpaper-fhd-1920x1080.jpg
23_27_50_388 [INFO] Provided file extension is supported: jpg
23_27_50_389 [INFO] New directory has been created - 220125_23275037
23_27_50_396 [INFO] Waiting for user input...
23_27_51_339 [INFO] Number of parts used(in terms of an area covered): 145
23_27_51_340 [INFO] Total number of parts used: 144
23_27_51_341 [INFO] Width and height of every part in pixels(excluding last row & column): 120
23_27_51_342 [INFO] Percentage of edges rounded vertically: 1.0
23_27_51_344 [INFO] Percentage of edges rounded horizontally: 1.0
23_27_51_891 [INFO] New directory has been created - blocks
23_27_52_183 [INFO] All the blocks have been successfully generated
23_28_08_781 [INFO] Directory already present - logs
23_28_08_783 [INFO] Directory already present - backups\images
23_28_08_784 [INFO] All directories needed are present
23_28_08_787 [INFO] Waiting for user input...
23_28_08_803 [INFO] File loaded: 4k-retro-80s-wallpaper-fhd-1920x1080.jpg
23_28_08_804 [INFO] Provided file extension is supported: jpg
23_28_08_806 [INFO] New directory has been created - 220125_23280878
23_28_08_814 [INFO] Waiting for user input...
23_28_11_963 [INFO] Directory already present - logs
23_28_11_964 [INFO] Directory already present - backups\images
23_28_11_965 [INFO] All directories needed are present
23_28_11_967 [INFO] Waiting for user input...
23_28_11_982 [INFO] File loaded: 4k-retro-80s-wallpaper-fhd-1920x1080.jpg
23_28_11_983 [INFO] Provided file extension is supported: jpg
23_28_11_984 [INFO] New directory has been created - 220125_23281196
23_28_11_993 [INFO] Waiting for user input...
23_28_12_803 [INFO] Number of parts used(in terms of an area covered): 145
23_28_12_804 [INFO] Total number of parts used: 144
23_28_12_805 [INFO] Width and height of every part in pixels(excluding last row & column): 120
23_28_12_806 [INFO] Percentage of edges rounded vertically: 1.0
23_28_12_808 [INFO] Percentage of edges rounded horizontally: 1.0
23_28_13_668 [INFO] New directory has been created - blocks
23_28_13_929 [INFO] All the blocks have been successfully generated
23_28_37_563 [INFO] Directory already present - logs
23_28_37_564 [INFO] Directory already present - backups\images
23_28_37_565 [INFO] All directories needed are present
23_28_37_568 [INFO] Waiting for user input...
23_28_37_581 [INFO] File loaded: 4k-retro-80s-wallpaper-fhd-1920x1080.jpg
23_28_37_582 [INFO] Provided file extension is supported: jpg
23_28_37_583 [INFO] New directory has been created - 220125_23283756
23_28_37_592 [INFO] Waiting for user input...
23_28_38_295 [INFO] Number of parts used(in terms of an area covered): 145
23_28_38_296 [INFO] Total number of parts used: 144
23_28_38_297 [INFO] Width and height of every part in pixels(excluding last row & column): 120
23_28_38_298 [INFO] Percentage of edges rounded vertically: 1.0
23_28_38_301 [INFO] Percentage of edges rounded horizontally: 1.0
23_28_39_055 [INFO] New directory has been created - blocks
23_28_39_338 [INFO] All the blocks have been successfully generated
23_31_23_982 [INFO] Directory already present - logs
23_31_23_983 [INFO] Directory already present - backups\images
23_31_23_984 [INFO] All directories needed are present
23_31_23_987 [INFO] Waiting for user input...
23_31_24_000 [INFO] File loaded: 4k-retro-80s-wallpaper-fhd-1920x1080.jpg
23_31_24_001 [INFO] Provided file extension is supported: jpg
23_31_24_004 [INFO] New directory has been created - 220125_23312398
23_31_24_013 [INFO] Waiting for user input...
23_31_25_350 [INFO] Number of parts used(in terms of an area covered): 145
23_31_25_351 [INFO] Total number of parts used: 144
23_31_25_352 [INFO] Width and height of every part in pixels(excluding last row & column): 120
23_31_25_353 [INFO] Percentage of edges rounded vertically: 1.0
23_31_25_354 [INFO] Percentage of edges rounded horizontally: 1.0
23_31_25_884 [INFO] New directory has been created - blocks
23_31_26_098 [INFO] All the blocks have been successfully generated
23_33_40_168 [INFO] Directory already present - logs
23_33_40_169 [INFO] Directory already present - backups\images
23_33_40_171 [INFO] All directories needed are present
23_33_40_173 [INFO] Waiting for user input...
23_33_40_189 [INFO] File loaded: 4k-retro-80s-wallpaper-fhd-1920x1080.jpg
23_33_40_191 [INFO] Provided file extension is supported: jpg
23_33_40_192 [INFO] New directory has been created - 220125_23334017
23_33_40_199 [INFO] Waiting for user input...
23_33_42_356 [INFO] Number of parts used(in terms of an area covered): 145
23_33_42_359 [INFO] Total number of parts used: 144
23_33_42_360 [INFO] Width and height of every part in pixels(excluding last row & column): 120
23_33_42_361 [INFO] Percentage of edges rounded vertically: 1.0
23_33_42_362 [INFO] Percentage of edges rounded horizontally: 1.0
23_33_42_817 [INFO] New directory has been created - blocks
23_33_43_015 [INFO] All the blocks have been successfully generated
23_34_12_700 [INFO] Directory already present - logs
23_34_12_701 [INFO] Directory already present - backups\images
23_34_12_703 [INFO] All directories needed are present
23_34_12_706 [INFO] Waiting for user input...
23_34_12_716 [INFO] File loaded: 4k-retro-80s-wallpaper-fhd-1920x1080.jpg
23_34_12_718 [INFO] Provided file extension is supported: jpg
23_34_12_719 [INFO] New directory has been created - 220125_23341270
23_34_12_728 [INFO] Waiting for user input...
23_34_13_422 [INFO] Number of parts used(in terms of an area covered): 145
23_34_13_423 [INFO] Total number of parts used: 144
23_34_13_424 [INFO] Width and height of every part in pixels(excluding last row & column): 120
23_34_13_425 [INFO] Percentage of edges rounded vertically: 1.0
23_34_13_426 [INFO] Percentage of edges rounded horizontally: 1.0
23_34_14_046 [INFO] New directory has been created - blocks
23_34_14_277 [INFO] All the blocks have been successfully generated
23_34_52_368 [INFO] Directory already present - logs
23_34_52_369 [INFO] Directory already present - backups\images
23_34_52_371 [INFO] All directories needed are present
23_34_52_373 [INFO] Waiting for user input...
23_34_52_390 [INFO] File loaded: 4k-retro-80s-wallpaper-fhd-1920x1080.jpg
23_34_52_391 [INFO] Provided file extension is supported: jpg
23_34_52_393 [INFO] New directory has been created - 220125_23345237
23_34_52_403 [INFO] Waiting for user input...
23_34_54_731 [INFO] Number of parts used(in terms of an area covered): 145
23_34_54_732 [INFO] Total number of parts used: 144
23_34_54_733 [INFO] Width and height of every part in pixels(excluding last row & column): 120
23_34_54_734 [INFO] Percentage of edges rounded vertically: 1.0
23_34_54_735 [INFO] Percentage of edges rounded horizontally: 1.0
23_35_22_006 [INFO] Directory already present - logs
23_35_22_007 [INFO] Directory already present - backups\images
23_35_22_008 [INFO] All directories needed are present
23_35_22_011 [INFO] Waiting for user input...
23_35_22_025 [INFO] File loaded: 4k-retro-80s-wallpaper-fhd-1920x1080.jpg
23_35_22_026 [INFO] Provided file extension is supported: jpg
23_35_22_027 [INFO] New directory has been created - 220125_23352201
23_35_22_036 [INFO] Waiting for user input...
23_35_23_810 [INFO] Number of parts used(in terms of an area covered): 145
23_35_23_813 [INFO] Total number of parts used: 144
23_35_23_815 [INFO] Width and height of every part in pixels(excluding last row & column): 120
23_35_23_817 [INFO] Percentage of edges rounded vertically: 1.0
23_35_23_818 [INFO] Percentage of edges rounded horizontally: 1.0
23_35_24_304 [INFO] New directory has been created - blocks
23_35_24_502 [INFO] All the blocks have been successfully generated
23_36_34_766 [INFO] Directory already present - logs
23_36_34_768 [INFO] Directory already present - backups\images
23_36_34_768 [INFO] All directories needed are present
23_36_34_772 [INFO] Waiting for user input...
23_36_34_788 [INFO] File loaded: 4k-retro-80s-wallpaper-fhd-1920x1080.jpg
23_36_34_789 [INFO] Provided file extension is supported: jpg
23_36_34_791 [INFO] New directory has been created - 220125_23363477
23_36_34_799 [INFO] Waiting for user input...
23_36_36_275 [INFO] Number of parts used(in terms of an area covered): 145
23_36_36_276 [INFO] Total number of parts used: 144
23_36_36_277 [INFO] Width and height of every part in pixels(excluding last row & column): 120
23_36_36_278 [INFO] Percentage of edges rounded vertically: 1.0
23_36_36_279 [INFO] Percentage of edges rounded horizontally: 1.0
23_36_36_855 [INFO] New directory has been created - blocks
23_36_37_065 [INFO] All the blocks have been successfully generated
23_38_36_290 [INFO] Directory already present - logs
23_38_36_291 [INFO] Directory already present - backups\images
23_38_36_292 [INFO] All directories needed are present
23_38_36_295 [INFO] Waiting for user input...
23_38_36_310 [INFO] File loaded: 4k-retro-80s-wallpaper-fhd-1920x1080.jpg
23_38_36_312 [INFO] Provided file extension is supported: jpg
23_38_36_313 [INFO] New directory has been created - 220125_23383629
23_38_36_321 [INFO] Waiting for user input...
23_38_37_412 [INFO] Number of parts used(in terms of an area covered): 145
23_38_37_413 [INFO] Total number of parts used: 144
23_38_37_414 [INFO] Width and height of every part in pixels(excluding last row & column): 120
23_38_37_415 [INFO] Percentage of edges rounded vertically: 1.0
23_38_37_417 [INFO] Percentage of edges rounded horizontally: 1.0
23_38_38_023 [INFO] New directory has been created - blocks
23_38_38_242 [INFO] All the blocks have been successfully generated
23_39_35_046 [INFO] Directory already present - logs
23_39_35_047 [INFO] Directory already present - backups\images
23_39_35_048 [INFO] All directories needed are present
23_39_35_051 [INFO] Waiting for user input...
23_39_35_065 [INFO] File loaded: 4k-retro-80s-wallpaper-fhd-1920x1080.jpg
23_39_35_066 [INFO] Provided file extension is supported: jpg
23_39_35_066 [INFO] New directory has been created - 220125_23393505
23_39_35_077 [INFO] Waiting for user input...
23_39_37_134 [INFO] Number of parts used(in terms of an area covered): 145
23_39_37_137 [INFO] Total number of parts used: 144
23_39_37_139 [INFO] Width and height of every part in pixels(excluding last row & column): 120
23_39_37_141 [INFO] Percentage of edges rounded vertically: 1.0
23_39_37_143 [INFO] Percentage of edges rounded horizontally: 1.0
23_39_37_656 [INFO] New directory has been created - blocks
23_39_37_864 [INFO] All the blocks have been successfully generated
23_41_27_126 [INFO] Directory already present - logs
23_41_27_128 [INFO] Directory already present - backups\images
23_41_27_128 [INFO] All directories needed are present
23_41_27_131 [INFO] Waiting for user input...
23_41_27_145 [INFO] File loaded: 4k-retro-80s-wallpaper-fhd-1920x1080.jpg
23_41_27_147 [INFO] Provided file extension is supported: jpg
23_41_27_149 [INFO] New directory has been created - 220125_23412713
23_41_27_156 [INFO] Waiting for user input...
23_41_28_648 [INFO] Number of parts used(in terms of an area covered): 145
23_41_28_649 [INFO] Total number of parts used: 144
23_41_28_650 [INFO] Width and height of every part in pixels(excluding last row & column): 120
23_41_28_651 [INFO] Percentage of edges rounded vertically: 1.0
23_41_28_652 [INFO] Percentage of edges rounded horizontally: 1.0
23_41_29_200 [INFO] New directory has been created - blocks
23_41_29_389 [INFO] All the blocks have been successfully generated
23_42_07_050 [INFO] Directory already present - logs
23_42_07_051 [INFO] Directory already present - backups\images
23_42_07_052 [INFO] All directories needed are present
23_42_07_055 [INFO] Waiting for user input...
23_42_07_067 [INFO] File loaded: 4k-retro-80s-wallpaper-fhd-1920x1080.jpg
23_42_07_068 [INFO] Provided file extension is supported: jpg
23_42_07_069 [INFO] New directory has been created - 220125_23420705
23_42_07_078 [INFO] Waiting for user input...
23_42_07_839 [ERROR] The number of parts is incorrect! 1500
23_42_07_840 [INFO] Waiting for user input...
23_42_10_882 [INFO] Number of parts used(in terms of an area covered): 1646
23_42_10_884 [INFO] Total number of parts used: 1705
23_42_10_886 [INFO] Width and height of every part in pixels(excluding last row & column): 35
23_42_10_888 [INFO] Percentage of edges rounded vertically: 0.14285714285714202
23_42_10_890 [INFO] Percentage of edges rounded horizontally: 0.142857142857146
23_42_11_365 [INFO] New directory has been created - blocks
23_42_12_852 [INFO] All the blocks have been successfully generated
23_45_09_409 [INFO] Directory already present - logs
23_45_09_411 [INFO] Directory already present - backups\images
23_45_09_412 [INFO] All directories needed are present
23_45_09_415 [INFO] Waiting for user input...
23_45_09_426 [INFO] File loaded: 4k-retro-80s-wallpaper-fhd-1920x1080.jpg
23_45_09_428 [INFO] Provided file extension is supported: jpg
23_45_09_429 [INFO] New directory has been created - 220125_23450941
23_45_09_438 [INFO] Waiting for user input...
23_45_10_976 [ERROR] The number of parts is incorrect! 3000
23_45_10_978 [INFO] Waiting for user input...
23_45_16_543 [INFO] Number of parts used(in terms of an area covered): 2952
23_45_16_545 [INFO] Total number of parts used: 2840
23_45_16_547 [INFO] Width and height of every part in pixels(excluding last row & column): 27
23_45_16_549 [INFO] Percentage of edges rounded vertically: 1.0
23_45_16_550 [INFO] Percentage of edges rounded horizontally: 0.88888888888889
23_45_17_063 [INFO] New directory has been created - blocks
23_45_19_471 [INFO] All the blocks have been successfully generated
23_49_06_580 [INFO] Directory already present - logs
23_49_06_581 [INFO] Directory already present - backups\images
23_49_06_582 [INFO] All directories needed are present
23_49_06_585 [INFO] Waiting for user input...
23_49_06_597 [INFO] File loaded: 4k-retro-80s-wallpaper-fhd-1920x1080.jpg
23_49_06_598 [INFO] Provided file extension is supported: jpg
23_49_06_599 [INFO] New directory has been created - 220125_23490658
23_49_06_607 [INFO] Waiting for user input...
23_49_07_340 [ERROR] The number of parts is incorrect! 45
23_49_07_342 [INFO] Waiting for user input...
23_49_09_746 [INFO] Number of parts used(in terms of an area covered): 46
23_49_09_748 [INFO] Total number of parts used: 45
23_49_09_751 [INFO] Width and height of every part in pixels(excluding last row & column): 212
23_49_09_754 [INFO] Percentage of edges rounded vertically: 0.90566037735849
23_49_09_756 [INFO] Percentage of edges rounded horizontally: 0.943396226415095
23_49_10_250 [INFO] New directory has been created - blocks
23_49_10_355 [INFO] All the blocks have been successfully generated
23_51_43_254 [INFO] Directory already present - logs
23_51_43_255 [INFO] Directory already present - backups\images
23_51_43_256 [INFO] All directories needed are present
23_51_43_259 [INFO] Waiting for user input...
23_51_43_273 [INFO] File loaded: 4k-retro-80s-wallpaper-fhd-1920x1080.jpg
23_51_43_274 [INFO] Provided file extension is supported: jpg
23_51_43_275 [INFO] New directory has been created - 220125_23514326
23_51_43_285 [INFO] Waiting for user input...
23_51_45_205 [INFO] Number of parts used(in terms of an area covered): 145
23_51_45_208 [INFO] Total number of parts used: 144
23_51_45_209 [INFO] Width and height of every part in pixels(excluding last row & column): 120
23_51_45_211 [INFO] Percentage of edges rounded vertically: 1.0
23_51_45_213 [INFO] Percentage of edges rounded horizontally: 1.0
23_51_45_689 [INFO] New directory has been created - blocks
23_51_45_883 [INFO] All the blocks have been successfully generated
23_52_20_641 [INFO] Directory already present - logs
23_52_20_642 [INFO] Directory already present - backups\images
23_52_20_644 [INFO] All directories needed are present
23_52_20_647 [INFO] Waiting for user input...
23_52_20_658 [INFO] File loaded: 4k-retro-80s-wallpaper-fhd-1920x1080.jpg
23_52_20_659 [INFO] Provided file extension is supported: jpg
23_52_20_661 [INFO] New directory has been created - 220125_23522064
23_52_20_669 [INFO] Waiting for user input...
23_52_23_993 [INFO] Number of parts used(in terms of an area covered): 46
23_52_23_994 [INFO] Total number of parts used: 45
23_52_23_995 [INFO] Width and height of every part in pixels(excluding last row & column): 212
23_52_23_997 [INFO] Percentage of edges rounded vertically: 0.90566037735849
23_52_23_998 [INFO] Percentage of edges rounded horizontally: 0.943396226415095
23_52_24_557 [INFO] New directory has been created - blocks
23_52_24_672 [INFO] All the blocks have been successfully generated
23_52_56_351 [INFO] Directory already present - logs
23_52_56_353 [INFO] Directory already present - backups\images
23_52_56_353 [INFO] All directories needed are present
23_52_56_357 [INFO] Waiting for user input...
23_52_56_368 [INFO] File loaded: 4k-retro-80s-wallpaper-fhd-1920x1080.jpg
23_52_56_369 [INFO] Provided file extension is supported: jpg
23_52_56_371 [INFO] New directory has been created - 220125_23525635
23_52_56_380 [INFO] Waiting for user input...
23_53_07_819 [INFO] Directory already present - logs
23_53_07_820 [INFO] Directory already present - backups\images
23_53_07_821 [INFO] All directories needed are present
23_53_07_824 [INFO] Waiting for user input...
23_53_07_840 [INFO] File loaded: 4k-retro-80s-wallpaper-fhd-1920x1080.jpg
23_53_07_841 [INFO] Provided file extension is supported: jpg
23_53_07_842 [INFO] New directory has been created - 220125_23530782
23_53_07_851 [INFO] Waiting for user input...
23_53_08_974 [INFO] Number of parts used(in terms of an area covered): 145
23_53_08_976 [INFO] Total number of parts used: 144
23_53_08_977 [INFO] Width and height of every part in pixels(excluding last row & column): 120
23_53_08_978 [INFO] Percentage of edges rounded vertically: 1.0
23_53_08_979 [INFO] Percentage of edges rounded horizontally: 1.0
23_53_09_606 [INFO] New directory has been created - blocks
23_53_09_831 [INFO] All the blocks have been successfully generated
23_59_05_390 [INFO] Directory already present - logs
23_59_05_391 [INFO] Directory already present - backups\images
23_59_05_392 [INFO] All directories needed are present
23_59_05_396 [INFO] Waiting for user input...
23_59_05_410 [INFO] File loaded: 4k-retro-80s-wallpaper-fhd-1920x1080.jpg
23_59_05_411 [INFO] Provided file extension is supported: jpg
23_59_05_412 [INFO] New directory has been created - 220125_23590539
23_59_05_422 [INFO] Waiting for user input...
23_59_07_081 [INFO] Number of parts used(in terms of an area covered): 145
23_59_07_082 [INFO] Total number of parts used: 144
23_59_07_084 [INFO] Width and height of every part in pixels(excluding last row & column): 120
23_59_07_085 [INFO] Percentage of edges rounded vertically: 1.0
23_59_07_086 [INFO] Percentage of edges rounded horizontally: 1.0
23_59_07_672 [INFO] New directory has been created - blocks
23_59_36_449 [INFO] Directory already present - logs
23_59_36_451 [INFO] Directory already present - backups\images
23_59_36_452 [INFO] All directories needed are present
23_59_36_456 [INFO] Waiting for user input...
23_59_36_469 [INFO] File loaded: 4k-retro-80s-wallpaper-fhd-1920x1080.jpg
23_59_36_471 [INFO] Provided file extension is supported: jpg
23_59_36_472 [INFO] New directory has been created - 220125_23593645
23_59_36_480 [INFO] Waiting for user input...
23_59_39_267 [INFO] Number of parts used(in terms of an area covered): 145
23_59_39_268 [INFO] Total number of parts used: 144
23_59_39_270 [INFO] Width and height of every part in pixels(excluding last row & column): 120
23_59_39_271 [INFO] Percentage of edges rounded vertically: 1.0
23_59_39_272 [INFO] Percentage of edges rounded horizontally: 1.0
23_59_39_774 [INFO] New directory has been created - blocks
23_59_39_977 [INFO] All the blocks have been successfully generated
