20_18_42_803 [INFO] Directory already present - logs
20_18_42_804 [INFO] Directory already present - backups\images
20_18_42_805 [INFO] All directories needed are present
20_18_42_808 [INFO] Waiting for user input...
20_18_45_600 [INFO] File loaded: 4k-retro-80s-wallpaper-fhd-1920x1080.jpg
20_18_45_602 [INFO] Provided file extension is supported: jpg
20_18_45_604 [INFO] New directory has been created - 220128_20184560
20_18_45_722 [INFO] Waiting for user input...
20_18_48_444 [INFO] Number of parts used(in terms of an area covered): 292
20_18_48_446 [INFO] Total number of parts used: 299
20_18_48_448 [INFO] Width and height of every part in pixels(excluding last row & column): 84
20_18_48_450 [INFO] Percentage of edges rounded vertically: 0.14285714285714202
20_18_48_451 [INFO] Percentage of edges rounded horizontally: 0.14285714285714202
20_18_48_992 [INFO] All the blocks have been successfully generated
20_19_06_385 [INFO] Directory already present - logs
20_19_06_386 [INFO] Directory already present - backups\images
20_19_06_387 [INFO] All directories needed are present
20_19_06_389 [INFO] Waiting for user input...
20_19_09_508 [INFO] File loaded: 4k-retro-80s-wallpaper-fhd-1920x1080.jpg
20_19_09_510 [INFO] Provided file extension is supported: jpg
20_19_09_513 [INFO] New directory has been created - 220128_20190950
20_19_09_535 [INFO] Waiting for user input...
20_19_10_471 [INFO] Number of parts used(in terms of an area covered): 292
20_19_10_472 [INFO] Total number of parts used: 299
20_19_10_473 [INFO] Width and height of every part in pixels(excluding last row & column): 84
20_19_10_474 [INFO] Percentage of edges rounded vertically: 0.14285714285714202
20_19_10_476 [INFO] Percentage of edges rounded horizontally: 0.14285714285714202
20_19_11_128 [INFO] A csv file has been generated:  imageData.csv
20_19_11_151 [INFO] All the blocks have been successfully generated
20_19_11_160 [INFO] A csv file has been generated:  blocksData.csv
20_19_14_539 [INFO] Blocks have been successfully assigned to parts of the original image
20_19_14_544 [INFO] A csv file has been generated:  blocksAssignedToImages.csv
20_19_14_672 [INFO] Final image has been successfully generated. Terminating the application
20_21_37_805 [INFO] Directory already present - logs
20_21_37_806 [INFO] Directory already present - backups\images
20_21_37_807 [INFO] All directories needed are present
20_21_37_810 [INFO] Waiting for user input...
20_21_39_085 [INFO] File loaded: 4k-retro-80s-wallpaper-fhd-1920x1080.jpg
20_21_39_087 [INFO] Provided file extension is supported: jpg
20_21_39_089 [INFO] New directory has been created - 220128_20213908
20_21_39_115 [INFO] Waiting for user input...
20_21_40_221 [INFO] Number of parts used(in terms of an area covered): 292
20_21_40_222 [INFO] Total number of parts used: 299
20_21_40_224 [INFO] Width and height of every part in pixels(excluding last row & column): 84
20_21_40_225 [INFO] Percentage of edges rounded vertically: 0.14285714285714202
20_21_40_227 [INFO] Percentage of edges rounded horizontally: 0.14285714285714202
20_21_40_871 [INFO] A csv file has been generated:  imageData.csv
20_21_40_891 [INFO] All the blocks have been successfully generated
20_21_40_893 [INFO] A csv file has been generated:  blocksData.csv
20_21_43_369 [INFO] Blocks have been successfully assigned to parts of the original image
20_21_43_374 [INFO] A csv file has been generated:  blocksAssignedToImages.csv
20_21_43_507 [INFO] Final image has been successfully generated. Terminating the application
21_59_05_663 [INFO] Directory already present - logs
21_59_05_665 [INFO] Directory already present - backups\images
21_59_05_666 [INFO] All directories needed are present
21_59_05_668 [INFO] Waiting for user input...
21_59_07_523 [INFO] File loaded: 4k-retro-80s-wallpaper-fhd-1920x1080.jpg
21_59_07_524 [INFO] Provided file extension is supported: jpg
21_59_07_527 [INFO] New directory has been created - 220128_21590752
21_59_07_547 [INFO] Waiting for user input...
21_59_09_550 [INFO] Number of parts used(in terms of an area covered): 292
21_59_09_551 [INFO] Total number of parts used: 299
21_59_09_553 [INFO] Width and height of every part in pixels(excluding last row & column): 84
21_59_09_554 [INFO] Percentage of edges rounded vertically: 0.14285714285714202
21_59_09_555 [INFO] Percentage of edges rounded horizontally: 0.14285714285714202
22_00_29_476 [INFO] Directory already present - logs
22_00_29_478 [INFO] Directory already present - backups\images
22_00_29_479 [INFO] All directories needed are present
22_00_29_481 [INFO] Waiting for user input...
22_00_31_464 [INFO] File loaded: 4k-retro-80s-wallpaper-fhd-1920x1080.jpg
22_00_31_466 [INFO] Provided file extension is supported: jpg
22_00_31_468 [INFO] New directory has been created - 220128_22003146
22_00_31_487 [INFO] Waiting for user input...
22_00_32_630 [INFO] Number of parts used(in terms of an area covered): 292
22_00_32_631 [INFO] Total number of parts used: 299
22_00_32_633 [INFO] Width and height of every part in pixels(excluding last row & column): 84
22_00_32_634 [INFO] Percentage of edges rounded vertically: 0.14285714285714202
22_00_32_635 [INFO] Percentage of edges rounded horizontally: 0.14285714285714202
22_01_20_217 [INFO] Directory already present - logs
22_01_20_218 [INFO] Directory already present - backups\images
22_01_20_219 [INFO] All directories needed are present
22_01_20_221 [INFO] Waiting for user input...
22_01_22_692 [INFO] File loaded: 4k-retro-80s-wallpaper-fhd-1920x1080.jpg
22_01_22_693 [INFO] Provided file extension is supported: jpg
22_01_22_694 [INFO] New directory has been created - 220128_22012269
22_01_22_711 [INFO] Waiting for user input...
22_01_23_738 [INFO] Number of parts used(in terms of an area covered): 292
22_01_23_740 [INFO] Total number of parts used: 299
22_01_23_741 [INFO] Width and height of every part in pixels(excluding last row & column): 84
22_01_23_743 [INFO] Percentage of edges rounded vertically: 0.14285714285714202
22_01_23_744 [INFO] Percentage of edges rounded horizontally: 0.14285714285714202
22_01_24_401 [INFO] Image used as a base has been succesfully analyzed!
22_01_24_403 [INFO] A csv file has been generated:  imageData.csv
22_01_24_427 [INFO] All the blocks have been successfully generated
22_01_24_437 [INFO] A csv file has been generated:  blocksData.csv
22_01_27_440 [INFO] Blocks have been successfully assigned to parts of the original image
22_01_27_445 [INFO] A csv file has been generated:  blocksAssignedToImages.csv
22_01_27_556 [INFO] Final image has been successfully generated. Terminating the application.
22_01_53_077 [INFO] Directory already present - logs
22_01_53_078 [INFO] Directory already present - backups\images
22_01_53_079 [INFO] All directories needed are present
22_01_53_080 [INFO] Waiting for user input...
22_01_55_266 [INFO] File loaded: 292
22_01_55_267 [ERROR] File provided does not have any file extension defined
22_01_58_325 [INFO] Directory already present - logs
22_01_58_326 [INFO] Directory already present - backups\images
22_01_58_328 [INFO] All directories needed are present
22_01_58_330 [INFO] Waiting for user input...
22_02_00_951 [INFO] File loaded: 4k-retro-80s-wallpaper-fhd-1920x1080.jpg
22_02_00_953 [INFO] Provided file extension is supported: jpg
22_02_00_955 [INFO] New directory has been created - 220128_22020095
22_02_00_972 [INFO] Waiting for user input...
22_02_03_338 [INFO] Number of parts used(in terms of an area covered): 292
22_02_03_340 [INFO] Total number of parts used: 299
22_02_03_341 [INFO] Width and height of every part in pixels(excluding last row & column): 84
22_02_03_343 [INFO] Percentage of edges rounded vertically: 0.14285714285714202
22_02_03_345 [INFO] Percentage of edges rounded horizontally: 0.14285714285714202
22_02_03_814 [INFO] Image used as a base has been succesfully analyzed!
22_02_03_816 [INFO] A csv file has been generated:  imageData.csv
22_02_03_837 [INFO] All the blocks have been successfully generated
22_02_03_846 [INFO] A csv file has been generated:  blocksData.csv
22_02_07_101 [INFO] Blocks have been successfully assigned to parts of the original image
22_02_07_106 [INFO] A csv file has been generated:  blocksAssignedToImages.csv
22_02_07_211 [INFO] Final image has been successfully generated. Terminating the application.
22_48_29_026 [INFO] Directory already present - logs
22_48_29_027 [INFO] Directory already present - backups\images
22_48_29_029 [INFO] All directories needed are present
22_48_29_031 [INFO] Waiting for user input...
22_48_31_727 [INFO] File loaded: 4k-retro-80s-wallpaper-fhd-1920x1080.jpg
22_48_31_729 [INFO] Provided file extension is supported: jpg
22_48_31_731 [INFO] New directory has been created - 220128_22483172
22_48_31_751 [INFO] Waiting for user input...
22_48_33_585 [INFO] Number of parts used(in terms of an area covered): 292
22_48_33_586 [INFO] Total number of parts used: 299
22_48_33_587 [INFO] Width and height of every part in pixels(excluding last row & column): 84
22_48_33_588 [INFO] Percentage of edges rounded vertically: 0.14285714285714202
22_48_33_590 [INFO] Percentage of edges rounded horizontally: 0.14285714285714202
22_48_34_142 [INFO] Image used as a base has been succesfully analyzed!
22_48_34_144 [INFO] A csv file has been generated:  imageData.csv
22_48_34_162 [INFO] All the blocks have been successfully generated
22_48_34_171 [INFO] A csv file has been generated:  blocksData.csv
22_48_37_008 [INFO] Blocks have been successfully assigned to parts of the original image
22_48_37_013 [INFO] A csv file has been generated:  blocksAssignedToImages.csv
22_48_37_127 [INFO] Final image has been successfully generated. Terminating the application.
22_49_02_590 [INFO] Directory already present - logs
22_49_02_592 [INFO] Directory already present - backups\images
22_49_02_593 [INFO] All directories needed are present
22_49_02_597 [INFO] Waiting for user input...
22_56_47_274 [INFO] Directory already present - logs
22_56_47_275 [INFO] Directory already present - backups\images
22_56_47_276 [INFO] All directories needed are present
22_56_47_278 [INFO] Waiting for user input...
22_56_47_280 [INFO] File loaded: 4k-retro-80s-wallpaper-fhd-1920x1080.jpg
22_56_47_281 [INFO] Provided file extension is supported: jpg
22_56_47_282 [INFO] New directory has been created - 220128_22564728
22_56_47_308 [INFO] Waiting for user input...
23_17_52_55 [INFO] Directory already present - logs
23_17_52_55 [INFO] Directory already present - backups\images
23_17_52_55 [INFO] All directories needed are present
23_17_52_55 [INFO] Waiting for user input...
23_18_07_41 [INFO] File loaded: moonlight_night-wallpaper-1920x1080.jpg
23_18_07_41 [INFO] Provided file extension is supported: jpg
23_18_07_42 [INFO] New directory has been created - 220128_23180741
23_18_07_44 [INFO] Waiting for user input...
23_18_27_27 [INFO] Number of parts used(in terms of an area covered): 292
23_18_27_27 [INFO] Total number of parts used: 299
23_18_27_27 [INFO] Width and height of every part in pixels(excluding last row & column): 84
23_18_27_27 [INFO] Percentage of edges rounded vertically: 0.14285714285714202
23_18_27_27 [INFO] Percentage of edges rounded horizontally: 0.14285714285714202
23_18_27_81 [INFO] Image used as a base has been succesfully analyzed!
23_18_27_82 [INFO] A csv file has been generated:  imageData.csv
23_18_27_85 [INFO] All the blocks have been successfully generated
23_18_27_85 [INFO] A csv file has been generated:  blocksData.csv
23_18_30_66 [INFO] Blocks have been successfully assigned to parts of the original image
23_18_30_66 [INFO] A csv file has been generated:  blocksAssignedToImages.csv
23_18_30_78 [INFO] Final image has been successfully generated. Terminating the application.
23_19_53_731 [INFO] Directory already present - logs
23_19_53_733 [INFO] Directory already present - backups\images
23_19_53_734 [INFO] All directories needed are present
23_19_53_736 [INFO] Waiting for user input...
23_19_55_049 [INFO] File loaded: moonlight_night-wallpaper-1920x1080.jpg
23_19_55_051 [INFO] Provided file extension is supported: jpg
23_19_55_054 [INFO] New directory has been created - 220128_2319550
23_19_55_076 [INFO] Waiting for user input...
23_20_04_825 [INFO] Directory already present - logs
23_20_04_826 [INFO] Directory already present - backups\images
23_20_04_827 [INFO] All directories needed are present
23_20_04_829 [INFO] Waiting for user input...
23_20_07_596 [INFO] File loaded: moonlight_night-wallpaper-1920x1080.jpg
23_20_07_598 [INFO] Provided file extension is supported: jpg
23_20_07_600 [INFO] New directory has been created - 220128_232007595
23_20_07_623 [INFO] Waiting for user input...
23_20_19_427 [INFO] Directory already present - logs
23_20_19_428 [INFO] Directory already present - backups\images
23_20_19_429 [INFO] All directories needed are present
23_20_19_431 [INFO] Waiting for user input...
23_20_20_486 [INFO] File loaded: moonlight_night-wallpaper-1920x1080.jpg
23_20_20_487 [INFO] Provided file extension is supported: jpg
23_20_20_489 [INFO] New directory has been created - 220128_2320204
23_20_20_512 [INFO] Waiting for user input...
23_20_38_054 [INFO] Number of parts used(in terms of an area covered): 292
23_20_38_056 [INFO] Total number of parts used: 299
23_20_38_058 [INFO] Width and height of every part in pixels(excluding last row & column): 84
23_20_38_060 [INFO] Percentage of edges rounded vertically: 0.14285714285714202
23_20_38_062 [INFO] Percentage of edges rounded horizontally: 0.14285714285714202
23_20_42_034 [INFO] Directory already present - logs
23_20_42_035 [INFO] Directory already present - backups\images
23_20_42_036 [INFO] All directories needed are present
23_20_42_039 [INFO] Waiting for user input...
23_20_44_082 [INFO] File loaded: moonlight_night-wallpaper-1920x1080.jpg
23_20_44_084 [INFO] Provided file extension is supported: jpg
23_20_44_086 [INFO] New directory has been created - 220128_2320440
23_20_44_120 [INFO] Waiting for user input...
23_20_56_799 [INFO] Number of parts used(in terms of an area covered): 292
23_20_56_801 [INFO] Total number of parts used: 299
23_20_56_803 [INFO] Width and height of every part in pixels(excluding last row & column): 84
23_20_56_805 [INFO] Percentage of edges rounded vertically: 0.14285714285714202
23_20_56_808 [INFO] Percentage of edges rounded horizontally: 0.14285714285714202
23_20_57_297 [INFO] Image used as a base has been succesfully analyzed!
23_20_57_299 [INFO] A csv file has been generated:  imageData.csv
23_20_57_332 [INFO] All the blocks have been successfully generated
23_20_57_334 [INFO] A csv file has been generated:  blocksData.csv
23_21_00_048 [INFO] Blocks have been successfully assigned to parts of the original image
23_21_00_053 [INFO] A csv file has been generated:  blocksAssignedToImages.csv
23_21_00_164 [INFO] Final image has been successfully generated. Terminating the application.
