10_47_33_110 [INFO] Waiting for user input...
10_47_33_268 [INFO] File loaded: 4k-retro-80s-wallpaper-fhd-1920x1080.jpg
10_47_33_269 [INFO] Provided file extension is supported: jpg
10_47_33_271 [INFO] New directory has been created - 211216_10473311
10_47_33_831 [INFO] Copy of a source file saved as: 4k-retro-80s-wallpaper-fhd-1920x1080.jpg.png
10_48_04_993 [INFO] Waiting for user input...
10_48_05_019 [INFO] File loaded: 4k-retro-80s-wallpaper-fhd-1920x1080.jpg
10_48_05_020 [INFO] Provided file extension is supported: jpg
10_48_05_021 [INFO] New directory has been created - 211216_10480499
10_48_05_582 [INFO] Copy of a source file saved as: 4k-retro-80s-wallpaper-fhd-1920x1080.jpg.png
10_59_03_864 [INFO] Waiting for user input...
10_59_03_889 [INFO] File loaded: 4k-retro-80s-wallpaper-fhd-1920x1080.jpg
10_59_03_890 [INFO] Provided file extension is supported: jpg
10_59_03_892 [INFO] New directory has been created - 211216_10590386
10_59_04_428 [INFO] Copy of a source file saved as: 4k-retro-80s-wallpaper-fhd-1920x1080.jpg.png
11_01_01_331 [INFO] Waiting for user input...
11_01_01_356 [INFO] File loaded: 4k-retro-80s-wallpaper-fhd-1920x1080.jpg
11_01_01_357 [INFO] Provided file extension is supported: jpg
11_01_01_359 [INFO] New directory has been created - 211216_11010133
11_01_01_880 [INFO] Copy of a source file saved as: 4k-retro-80s-wallpaper-fhd-1920x1080.jpg.png
11_02_36_874 [INFO] Waiting for user input...
11_02_36_900 [INFO] File loaded: 4k-retro-80s-wallpaper-fhd-1920x1080.jpg
11_02_36_902 [INFO] Provided file extension is supported: jpg
11_02_36_904 [INFO] New directory has been created - 211216_11023687
11_02_37_439 [INFO] Copy of a source file saved as: 4k-retro-80s-wallpaper-fhd-1920x1080.jpg.png
11_02_49_591 [INFO] Waiting for user input...
11_02_49_617 [INFO] File loaded: 4k-retro-80s-wallpaper-fhd-1920x1080.jpg
11_02_49_618 [INFO] Provided file extension is supported: jpg
11_02_49_619 [INFO] New directory has been created - 211216_11024959
11_02_50_268 [INFO] Copy of a source file saved as: 4k-retro-80s-wallpaper-fhd-1920x1080.jpg.png
11_03_08_582 [INFO] Waiting for user input...
11_03_08_608 [INFO] File loaded: 4k-retro-80s-wallpaper-fhd-1920x1080.jpg
11_03_08_609 [INFO] Provided file extension is supported: jpg
11_03_08_610 [INFO] New directory has been created - 211216_11030858
11_03_09_155 [INFO] Copy of a source file saved as: 4k-retro-80s-wallpaper-fhd-1920x1080.jpg.png
11_10_08_888 [INFO] Waiting for user input...
11_10_08_910 [INFO] File loaded: 4k-retro-80s-wallpaper-fhd-1920x1080.jpg
11_10_08_911 [INFO] Provided file extension is supported: jpg
11_10_08_912 [INFO] New directory has been created - 211216_11100889
11_10_09_390 [INFO] Copy of a source file saved as: 4k-retro-80s-wallpaper-fhd-1920x1080.jpg.png
11_12_24_465 [INFO] Waiting for user input...
11_12_24_487 [INFO] File loaded: 4k-retro-80s-wallpaper-fhd-1920x1080.jpg
11_12_24_489 [INFO] Provided file extension is supported: jpg
11_12_24_491 [INFO] New directory has been created - 211216_11122446
11_12_24_990 [INFO] Copy of a source file saved as: 4k-retro-80s-wallpaper-fhd-1920x1080.jpg.png
11_16_45_297 [INFO] Waiting for user input...
11_16_45_318 [INFO] File loaded: 4k-retro-80s-wallpaper-fhd-1920x1080.jpg
11_16_45_319 [INFO] Provided file extension is supported: jpg
11_16_45_321 [INFO] New directory has been created - 211216_11164529
11_16_45_806 [INFO] Copy of a source file saved as: 4k-retro-80s-wallpaper-fhd-1920x1080.jpg.png
11_19_03_134 [INFO] Waiting for user input...
11_19_03_156 [INFO] File loaded: 4k-retro-80s-wallpaper-fhd-1920x1080.jpg
11_19_03_157 [INFO] Provided file extension is supported: jpg
11_19_03_158 [INFO] New directory has been created - 211216_11190313
11_19_03_628 [INFO] Copy of a source file saved as: 4k-retro-80s-wallpaper-fhd-1920x1080.jpg.png
11_19_50_699 [INFO] Waiting for user input...
11_19_50_721 [INFO] File loaded: 4k-retro-80s-wallpaper-fhd-1920x1080.jpg
11_19_50_723 [INFO] Provided file extension is supported: jpg
11_19_50_724 [INFO] New directory has been created - 211216_11195070
11_19_51_217 [INFO] Copy of a source file saved as: 4k-retro-80s-wallpaper-fhd-1920x1080.jpg.png
11_19_58_021 [INFO] Waiting for user input...
11_19_58_045 [INFO] File loaded: 4k-retro-80s-wallpaper-fhd-1920x1080.jpg
11_19_58_045 [INFO] Provided file extension is supported: jpg
11_19_58_046 [INFO] New directory has been created - 211216_11195802
11_19_58_557 [INFO] Copy of a source file saved as: 4k-retro-80s-wallpaper-fhd-1920x1080.jpg.png
11_20_11_477 [INFO] Waiting for user input...
11_20_11_500 [INFO] File loaded: 4k-retro-80s-wallpaper-fhd-1920x1080.jpg
11_20_11_502 [INFO] Provided file extension is supported: jpg
11_20_11_503 [INFO] New directory has been created - 211216_11201147
11_20_11_986 [INFO] Copy of a source file saved as: 4k-retro-80s-wallpaper-fhd-1920x1080.jpg.png
11_20_24_938 [INFO] Waiting for user input...
11_20_24_961 [INFO] File loaded: 4k-retro-80s-wallpaper-fhd-1920x1080.jpg
11_20_24_962 [INFO] Provided file extension is supported: jpg
11_20_24_964 [INFO] New directory has been created - 211216_11202494
11_20_25_441 [INFO] Copy of a source file saved as: 4k-retro-80s-wallpaper-fhd-1920x1080.jpg.png
13_13_11_252 [INFO] Waiting for user input...
13_13_11_281 [INFO] File loaded: 4k-retro-80s-wallpaper-fhd-1920x1080.jpg
13_13_11_282 [INFO] Provided file extension is supported: jpg
13_13_11_284 [INFO] New directory has been created - 211216_13131125
13_13_11_843 [INFO] Copy of a source file saved as: 4k-retro-80s-wallpaper-fhd-1920x1080.jpg.png
13_13_25_217 [INFO] Waiting for user input...
13_13_25_243 [INFO] File loaded: 4k-retro-80s-wallpaper-fhd-1920x1080.jpg
13_13_25_244 [INFO] Provided file extension is supported: jpg
13_13_25_245 [INFO] New directory has been created - 211216_13132521
13_13_25_829 [INFO] Copy of a source file saved as: 4k-retro-80s-wallpaper-fhd-1920x1080.jpg.png
13_13_31_906 [INFO] Waiting for user input...
13_13_31_932 [INFO] File loaded: 4k-retro-80s-wallpaper-fhd-1920x1080.jpg
13_13_31_932 [INFO] Provided file extension is supported: jpg
13_13_31_934 [INFO] New directory has been created - 211216_13133190
13_13_32_519 [INFO] Copy of a source file saved as: 4k-retro-80s-wallpaper-fhd-1920x1080.jpg.png
13_14_10_136 [INFO] Waiting for user input...
13_14_10_161 [INFO] File loaded: 4k-retro-80s-wallpaper-fhd-1920x1080.jpg
13_14_10_162 [INFO] Provided file extension is supported: jpg
13_14_10_163 [INFO] New directory has been created - 211216_13141013
13_14_10_702 [INFO] Copy of a source file saved as: 4k-retro-80s-wallpaper-fhd-1920x1080.jpg.png
13_15_32_860 [INFO] Waiting for user input...
13_15_32_884 [INFO] File loaded: 4k-retro-80s-wallpaper-fhd-1920x1080.jpg
13_15_32_885 [INFO] Provided file extension is supported: jpg
13_15_32_887 [INFO] New directory has been created - 211216_13153286
13_15_33_495 [INFO] Copy of a source file saved as: 4k-retro-80s-wallpaper-fhd-1920x1080.jpg.png
13_15_44_684 [INFO] Waiting for user input...
13_15_44_709 [INFO] File loaded: 4k-retro-80s-wallpaper-fhd-1920x1080.jpg
13_15_44_710 [INFO] Provided file extension is supported: jpg
13_15_44_711 [INFO] New directory has been created - 211216_13154468
13_15_49_559 [INFO] Waiting for user input...
13_15_49_583 [INFO] File loaded: 4k-retro-80s-wallpaper-fhd-1920x1080.jpg
13_15_49_584 [INFO] Provided file extension is supported: jpg
13_15_49_585 [INFO] New directory has been created - 211216_13154956
13_15_50_155 [INFO] Copy of a source file saved as: 4k-retro-80s-wallpaper-fhd-1920x1080.jpg.png
13_15_56_756 [INFO] Waiting for user input...
13_15_56_787 [INFO] File loaded: 4k-retro-80s-wallpaper-fhd-1920x1080.jpg
13_15_56_788 [INFO] Provided file extension is supported: jpg
13_15_56_789 [INFO] New directory has been created - 211216_13155675
13_15_57_397 [INFO] Copy of a source file saved as: 4k-retro-80s-wallpaper-fhd-1920x1080.jpg.png
13_16_15_792 [INFO] Waiting for user input...
13_16_15_814 [INFO] File loaded: 4k-retro-80s-wallpaper-fhd-1920x1080.jpg
13_16_15_816 [INFO] Provided file extension is supported: jpg
13_16_15_817 [INFO] New directory has been created - 211216_13161579
13_16_52_022 [INFO] Waiting for user input...
13_16_52_046 [INFO] File loaded: 4k-retro-80s-wallpaper-fhd-1920x1080.jpg
13_16_52_047 [INFO] Provided file extension is supported: jpg
13_16_52_049 [INFO] New directory has been created - 211216_13165202
13_16_52_589 [INFO] Copy of a source file saved as: 4k-retro-80s-wallpaper-fhd-1920x1080.jpg.png
13_17_04_062 [INFO] Waiting for user input...
13_17_04_087 [INFO] File loaded: 4k-retro-80s-wallpaper-fhd-1920x1080.jpg
13_17_04_088 [INFO] Provided file extension is supported: jpg
13_17_04_089 [INFO] New directory has been created - 211216_13170406
13_17_04_707 [INFO] Copy of a source file saved as: 4k-retro-80s-wallpaper-fhd-1920x1080.jpg.png
13_18_12_734 [INFO] Waiting for user input...
13_18_12_760 [INFO] File loaded: 4k-retro-80s-wallpaper-fhd-1920x1080.jpg
13_18_12_761 [INFO] Provided file extension is supported: jpg
13_18_12_762 [INFO] New directory has been created - 211216_13181273
13_18_13_333 [INFO] Copy of a source file saved as: 4k-retro-80s-wallpaper-fhd-1920x1080.jpg.png
13_18_28_402 [INFO] Waiting for user input...
13_18_28_426 [INFO] File loaded: 4k-retro-80s-wallpaper-fhd-1920x1080.jpg
13_18_28_427 [INFO] Provided file extension is supported: jpg
13_18_28_428 [INFO] New directory has been created - 211216_13182840
13_18_29_015 [INFO] Copy of a source file saved as: 4k-retro-80s-wallpaper-fhd-1920x1080.jpg.png
13_24_00_834 [INFO] Waiting for user input...
13_24_00_861 [INFO] File loaded: 4k-retro-80s-wallpaper-fhd-1920x1080.jpg
13_24_00_862 [INFO] Provided file extension is supported: jpg
13_24_00_864 [INFO] New directory has been created - 211216_13240083
13_24_01_445 [INFO] Copy of a source file saved as: 4k-retro-80s-wallpaper-fhd-1920x1080.jpg.png
13_24_28_634 [INFO] Waiting for user input...
13_24_28_661 [INFO] File loaded: 4k-retro-80s-wallpaper-fhd-1920x1080.jpg
13_24_28_663 [INFO] Provided file extension is supported: jpg
13_24_28_664 [INFO] New directory has been created - 211216_13242863
13_24_29_256 [INFO] Copy of a source file saved as: 4k-retro-80s-wallpaper-fhd-1920x1080.jpg.png
13_24_48_829 [INFO] Waiting for user input...
13_24_48_852 [INFO] File loaded: 4k-retro-80s-wallpaper-fhd-1920x1080.jpg
13_24_48_854 [INFO] Provided file extension is supported: jpg
13_24_48_855 [INFO] New directory has been created - 211216_13244883
13_24_49_414 [INFO] Copy of a source file saved as: 4k-retro-80s-wallpaper-fhd-1920x1080.jpg.png
13_25_16_126 [INFO] Waiting for user input...
13_25_16_150 [INFO] File loaded: 4k-retro-80s-wallpaper-fhd-1920x1080.jpg
13_25_16_152 [INFO] Provided file extension is supported: jpg
13_25_16_154 [INFO] New directory has been created - 211216_13251612
13_25_16_711 [INFO] Copy of a source file saved as: 4k-retro-80s-wallpaper-fhd-1920x1080.jpg.png
13_27_06_961 [INFO] Waiting for user input...
13_27_06_986 [INFO] File loaded: 4k-retro-80s-wallpaper-fhd-1920x1080.jpg
13_27_06_987 [INFO] Provided file extension is supported: jpg
13_27_06_988 [INFO] New directory has been created - 211216_13270696
13_27_07_543 [INFO] Copy of a source file saved as: 4k-retro-80s-wallpaper-fhd-1920x1080.jpg.png
13_45_32_697 [INFO] Waiting for user input...
13_45_32_728 [INFO] File loaded: 4k-retro-80s-wallpaper-fhd-1920x1080.jpg
13_45_32_730 [INFO] Provided file extension is supported: jpg
13_45_32_731 [INFO] New directory has been created - 211216_13453269
13_45_33_280 [INFO] Copy of a source file saved as: 4k-retro-80s-wallpaper-fhd-1920x1080.jpg.png
13_45_40_497 [INFO] Waiting for user input...
13_45_40_525 [INFO] File loaded: 4k-retro-80s-wallpaper-fhd-1920x1080.jpg
13_45_40_526 [INFO] Provided file extension is supported: jpg
13_45_40_528 [INFO] New directory has been created - 211216_13454049
13_45_41_113 [INFO] Copy of a source file saved as: 4k-retro-80s-wallpaper-fhd-1920x1080.jpg.png
13_47_31_876 [INFO] Waiting for user input...
13_47_31_900 [INFO] File loaded: 4k-retro-80s-wallpaper-fhd-1920x1080.jpg
13_47_31_901 [INFO] Provided file extension is supported: jpg
13_47_31_903 [INFO] New directory has been created - 211216_13473187
13_47_32_431 [INFO] Copy of a source file saved as: 4k-retro-80s-wallpaper-fhd-1920x1080.jpg.png
13_48_17_502 [INFO] Waiting for user input...
13_48_17_529 [INFO] File loaded: 4k-retro-80s-wallpaper-fhd-1920x1080.jpg
13_48_17_530 [INFO] Provided file extension is supported: jpg
13_48_17_531 [INFO] New directory has been created - 211216_13481750
13_48_18_106 [INFO] Copy of a source file saved as: 4k-retro-80s-wallpaper-fhd-1920x1080.jpg.png
13_48_34_494 [INFO] Waiting for user input...
13_48_34_516 [INFO] File loaded: 4k-retro-80s-wallpaper-fhd-1920x1080.jpg
13_48_34_518 [INFO] Provided file extension is supported: jpg
13_48_34_519 [INFO] New directory has been created - 211216_13483449
13_48_35_132 [INFO] Copy of a source file saved as: 4k-retro-80s-wallpaper-fhd-1920x1080.jpg.png
13_48_45_038 [INFO] Waiting for user input...
13_48_45_065 [INFO] File loaded: 4k-retro-80s-wallpaper-fhd-1920x1080.jpg
13_48_45_066 [INFO] Provided file extension is supported: jpg
13_48_45_067 [INFO] New directory has been created - 211216_13484503
13_48_45_713 [INFO] Copy of a source file saved as: 4k-retro-80s-wallpaper-fhd-1920x1080.jpg.png
13_49_06_377 [INFO] Waiting for user input...
13_49_06_405 [INFO] File loaded: 4k-retro-80s-wallpaper-fhd-1920x1080.jpg
13_49_06_406 [INFO] Provided file extension is supported: jpg
13_49_06_407 [INFO] New directory has been created - 211216_13490637
13_49_07_018 [INFO] Copy of a source file saved as: 4k-retro-80s-wallpaper-fhd-1920x1080.jpg.png
13_49_15_356 [INFO] Waiting for user input...
13_49_15_390 [INFO] File loaded: 4k-retro-80s-wallpaper-fhd-1920x1080.jpg
13_49_15_392 [INFO] Provided file extension is supported: jpg
13_49_15_393 [INFO] New directory has been created - 211216_13491535
13_49_16_058 [INFO] Copy of a source file saved as: 4k-retro-80s-wallpaper-fhd-1920x1080.jpg.png
13_49_22_040 [INFO] Waiting for user input...
13_49_22_070 [INFO] File loaded: 4k-retro-80s-wallpaper-fhd-1920x1080.jpg
13_49_22_071 [INFO] Provided file extension is supported: jpg
13_49_22_072 [INFO] New directory has been created - 211216_13492204
13_49_22_680 [INFO] Copy of a source file saved as: 4k-retro-80s-wallpaper-fhd-1920x1080.jpg.png
13_49_27_442 [INFO] Waiting for user input...
13_49_27_468 [INFO] File loaded: 4k-retro-80s-wallpaper-fhd-1920x1080.jpg
13_49_27_470 [INFO] Provided file extension is supported: jpg
13_49_27_471 [INFO] New directory has been created - 211216_13492744
13_49_28_049 [INFO] Copy of a source file saved as: 4k-retro-80s-wallpaper-fhd-1920x1080.jpg.png
13_49_32_229 [INFO] Waiting for user input...
13_49_32_256 [INFO] File loaded: 4k-retro-80s-wallpaper-fhd-1920x1080.jpg
13_49_32_257 [INFO] Provided file extension is supported: jpg
13_49_32_258 [INFO] New directory has been created - 211216_13493223
13_49_32_943 [INFO] Copy of a source file saved as: 4k-retro-80s-wallpaper-fhd-1920x1080.jpg.png
13_49_44_615 [INFO] Waiting for user input...
13_49_44_641 [INFO] File loaded: 4k-retro-80s-wallpaper-fhd-1920x1080.jpg
13_49_44_643 [INFO] Provided file extension is supported: jpg
13_49_44_644 [INFO] New directory has been created - 211216_13494461
13_49_45_322 [INFO] Copy of a source file saved as: 4k-retro-80s-wallpaper-fhd-1920x1080.jpg.png
13_55_03_898 [INFO] Waiting for user input...
13_55_03_947 [INFO] File loaded: 4k-retro-80s-wallpaper-fhd-1920x1080.jpg
13_55_03_949 [INFO] Provided file extension is supported: jpg
13_55_03_952 [INFO] New directory has been created - 211216_13550390
13_55_04_904 [INFO] Copy of a source file saved as: 4k-retro-80s-wallpaper-fhd-1920x1080.jpg.png
13_55_14_953 [INFO] Waiting for user input...
13_55_14_991 [INFO] File loaded: 4k-retro-80s-wallpaper-fhd-1920x1080.jpg
13_55_14_994 [INFO] Provided file extension is supported: jpg
13_55_14_997 [INFO] New directory has been created - 211216_13551495
13_55_15_788 [INFO] Copy of a source file saved as: 4k-retro-80s-wallpaper-fhd-1920x1080.jpg.png
13_55_25_880 [INFO] Waiting for user input...
13_55_25_912 [INFO] File loaded: 4k-retro-80s-wallpaper-fhd-1920x1080.jpg
13_55_25_914 [INFO] Provided file extension is supported: jpg
13_55_25_915 [INFO] New directory has been created - 211216_13552588
13_55_26_794 [INFO] Copy of a source file saved as: 4k-retro-80s-wallpaper-fhd-1920x1080.jpg.png
13_55_43_700 [INFO] Waiting for user input...
13_55_43_738 [INFO] File loaded: 4k-retro-80s-wallpaper-fhd-1920x1080.jpg
13_55_43_740 [INFO] Provided file extension is supported: jpg
13_55_43_741 [INFO] New directory has been created - 211216_13554370
13_55_44_566 [INFO] Copy of a source file saved as: 4k-retro-80s-wallpaper-fhd-1920x1080.jpg.png
13_56_01_630 [INFO] Waiting for user input...
13_56_01_681 [INFO] File loaded: 4k-retro-80s-wallpaper-fhd-1920x1080.jpg
13_56_01_682 [INFO] Provided file extension is supported: jpg
13_56_01_685 [INFO] New directory has been created - 211216_13560163
13_56_02_638 [INFO] Copy of a source file saved as: 4k-retro-80s-wallpaper-fhd-1920x1080.jpg.png
13_56_11_345 [INFO] Waiting for user input...
13_56_11_380 [INFO] File loaded: 4k-retro-80s-wallpaper-fhd-1920x1080.jpg
13_56_11_381 [INFO] Provided file extension is supported: jpg
13_56_11_383 [INFO] New directory has been created - 211216_13561134
13_56_12_234 [INFO] Copy of a source file saved as: 4k-retro-80s-wallpaper-fhd-1920x1080.jpg.png
13_57_42_606 [INFO] Waiting for user input...
13_57_42_652 [INFO] File loaded: 4k-retro-80s-wallpaper-fhd-1920x1080.jpg
13_57_42_654 [INFO] Provided file extension is supported: jpg
13_57_42_656 [INFO] New directory has been created - 211216_13574260
13_57_43_499 [INFO] Copy of a source file saved as: 4k-retro-80s-wallpaper-fhd-1920x1080.jpg.png
13_57_56_961 [INFO] Waiting for user input...
13_57_57_007 [INFO] File loaded: 4k-retro-80s-wallpaper-fhd-1920x1080.jpg
13_57_57_010 [INFO] Provided file extension is supported: jpg
13_57_57_012 [INFO] New directory has been created - 211216_13575696
13_57_57_859 [INFO] Copy of a source file saved as: 4k-retro-80s-wallpaper-fhd-1920x1080.jpg.png
13_58_29_847 [INFO] Waiting for user input...
13_58_29_895 [INFO] File loaded: 4k-retro-80s-wallpaper-fhd-1920x1080.jpg
13_58_29_896 [INFO] Provided file extension is supported: jpg
13_58_29_898 [INFO] New directory has been created - 211216_13582984
13_58_30_961 [INFO] Copy of a source file saved as: 4k-retro-80s-wallpaper-fhd-1920x1080.jpg.png
15_22_00_308 [INFO] Waiting for user input...
15_22_00_330 [INFO] File loaded: 4k-retro-80s-wallpaper-fhd-1920x1080.jpg
15_22_00_331 [INFO] Provided file extension is supported: jpg
15_22_00_333 [INFO] New directory has been created - 211216_15220030
15_22_00_822 [INFO] Copy of a source file saved as: 4k-retro-80s-wallpaper-fhd-1920x1080.jpg.png
15_22_14_452 [INFO] Waiting for user input...
15_22_14_477 [INFO] File loaded: 4k-retro-80s-wallpaper-fhd-1920x1080.jpg
15_22_14_478 [INFO] Provided file extension is supported: jpg
15_22_14_479 [INFO] New directory has been created - 211216_15221445
15_22_14_993 [INFO] Copy of a source file saved as: 4k-retro-80s-wallpaper-fhd-1920x1080.jpg.png
15_22_34_367 [INFO] Waiting for user input...
15_22_34_389 [INFO] File loaded: 4k-retro-80s-wallpaper-fhd-1920x1080.jpg
15_22_34_390 [INFO] Provided file extension is supported: jpg
15_22_34_392 [INFO] New directory has been created - 211216_15223436
15_22_34_874 [INFO] Copy of a source file saved as: 4k-retro-80s-wallpaper-fhd-1920x1080.jpg.png
15_22_57_263 [INFO] Waiting for user input...
15_22_57_285 [INFO] File loaded: 4k-retro-80s-wallpaper-fhd-1920x1080.jpg
15_22_57_286 [INFO] Provided file extension is supported: jpg
15_22_57_287 [INFO] New directory has been created - 211216_15225726
15_22_57_795 [INFO] Copy of a source file saved as: 4k-retro-80s-wallpaper-fhd-1920x1080.jpg.png
15_23_21_483 [INFO] Waiting for user input...
15_23_21_507 [INFO] File loaded: 4k-retro-80s-wallpaper-fhd-1920x1080.jpg
15_23_21_508 [INFO] Provided file extension is supported: jpg
15_23_21_509 [INFO] New directory has been created - 211216_15232148
15_23_22_039 [INFO] Copy of a source file saved as: 4k-retro-80s-wallpaper-fhd-1920x1080.jpg.png
15_23_28_515 [INFO] Waiting for user input...
15_23_28_538 [INFO] File loaded: 4k-retro-80s-wallpaper-fhd-1920x1080.jpg
15_23_28_539 [INFO] Provided file extension is supported: jpg
15_23_28_541 [INFO] New directory has been created - 211216_15232851
15_23_29_084 [INFO] Copy of a source file saved as: 4k-retro-80s-wallpaper-fhd-1920x1080.jpg.png
15_25_42_733 [INFO] Waiting for user input...
15_25_42_755 [INFO] File loaded: 4k-retro-80s-wallpaper-fhd-1920x1080.jpg
15_25_42_756 [INFO] Provided file extension is supported: jpg
15_25_42_757 [INFO] New directory has been created - 211216_15254273
15_27_18_574 [INFO] Waiting for user input...
15_27_18_596 [INFO] File loaded: 4k-retro-80s-wallpaper-fhd-1920x1080.jpg
15_27_18_598 [INFO] Provided file extension is supported: jpg
15_27_18_599 [INFO] New directory has been created - 211216_15271857
15_50_55_485 [INFO] Waiting for user input...
15_50_55_509 [INFO] File loaded: 4k-retro-80s-wallpaper-fhd-1920x1080.jpg
15_50_55_511 [INFO] Provided file extension is supported: jpg
15_50_55_512 [INFO] New directory has been created - 211216_15505548
15_58_08_284 [INFO] Waiting for user input...
15_58_08_309 [INFO] File loaded: 4k-retro-80s-wallpaper-fhd-1920x1080.jpg
15_58_08_310 [INFO] Provided file extension is supported: jpg
15_58_08_312 [INFO] New directory has been created - 211216_15580828
15_58_09_270 [INFO] Waiting for user input...
15_58_21_710 [INFO] Waiting for user input...
15_58_21_734 [INFO] File loaded: 4k-retro-80s-wallpaper-fhd-1920x1080.jpg
15_58_21_736 [INFO] Provided file extension is supported: jpg
15_58_21_738 [INFO] New directory has been created - 211216_15582171
15_58_23_253 [INFO] Waiting for user input...
15_58_39_933 [INFO] Waiting for user input...
15_58_42_970 [INFO] Waiting for user input...
15_59_06_416 [INFO] Waiting for user input...
15_59_06_440 [INFO] File loaded: 4k-retro-80s-wallpaper-fhd-1920x1080.jpg
15_59_06_441 [INFO] Provided file extension is supported: jpg
15_59_06_443 [INFO] New directory has been created - 211216_15590641
15_59_08_653 [INFO] Waiting for user input...
15_59_18_719 [INFO] Waiting for user input...
16_01_34_054 [INFO] Waiting for user input...
16_01_34_080 [INFO] File loaded: 4k-retro-80s-wallpaper-fhd-1920x1080.jpg
16_01_34_082 [INFO] Provided file extension is supported: jpg
16_01_34_082 [INFO] New directory has been created - 211216_16013405
16_01_36_417 [INFO] Waiting for user input...
16_02_39_491 [INFO] Waiting for user input...
16_02_39_515 [INFO] File loaded: 4k-retro-80s-wallpaper-fhd-1920x1080.jpg
16_02_39_517 [INFO] Provided file extension is supported: jpg
16_02_39_518 [INFO] New directory has been created - 211216_16023949
16_02_41_393 [INFO] Waiting for user input...
16_02_44_624 [INFO] Waiting for user input...
16_02_47_406 [INFO] Waiting for user input...
16_02_49_106 [INFO] Waiting for user input...
16_42_34_652 [INFO] Waiting for user input...
16_43_05_633 [INFO] Waiting for user input...
16_43_38_456 [INFO] Waiting for user input...
16_43_40_874 [INFO] Waiting for user input...
16_44_02_371 [INFO] Waiting for user input...
16_44_05_088 [INFO] Waiting for user input...
16_44_50_934 [INFO] Waiting for user input...
16_45_15_185 [INFO] Waiting for user input...
16_45_15_226 [INFO] File loaded: 4k-retro-80s-wallpaper-fhd-1920x1080.jpg
16_45_15_229 [INFO] Provided file extension is supported: jpg
16_45_15_230 [INFO] New directory has been created - 211216_16451518
16_45_16_873 [INFO] Waiting for user input...
16_46_10_604 [INFO] Waiting for user input...
16_46_15_214 [INFO] Waiting for user input...
16_46_22_295 [INFO] Waiting for user input...
16_46_32_178 [INFO] Waiting for user input...
16_46_38_707 [INFO] Waiting for user input...
16_46_42_476 [INFO] Waiting for user input...
16_46_43_524 [INFO] Waiting for user input...
16_46_45_673 [INFO] Waiting for user input...
16_46_48_601 [INFO] Waiting for user input...
16_47_03_157 [INFO] Waiting for user input...
16_47_05_294 [INFO] Waiting for user input...
16_47_06_901 [INFO] Waiting for user input...
16_47_08_215 [INFO] Waiting for user input...
16_47_09_249 [INFO] Waiting for user input...
16_47_11_653 [INFO] Waiting for user input...
16_47_14_036 [INFO] Waiting for user input...
16_48_21_311 [INFO] Waiting for user input...
16_48_25_524 [INFO] Waiting for user input...
16_48_30_819 [INFO] Waiting for user input...
16_49_45_338 [INFO] Waiting for user input...
16_49_45_381 [INFO] File loaded: 4k-retro-80s-wallpaper-fhd-1920x1080.jpg
16_49_45_382 [INFO] Provided file extension is supported: jpg
16_49_45_384 [INFO] New directory has been created - 211216_16494534
16_49_47_285 [INFO] Waiting for user input...
16_49_51_141 [INFO] Waiting for user input...
16_50_04_438 [INFO] Waiting for user input...
16_50_05_914 [INFO] Waiting for user input...
16_50_07_732 [INFO] Waiting for user input...
16_50_09_623 [INFO] Waiting for user input...
16_50_10_752 [INFO] Waiting for user input...
16_50_23_180 [INFO] Waiting for user input...
16_50_23_217 [INFO] File loaded: 4k-retro-80s-wallpaper-fhd-1920x1080.jpg
16_50_23_220 [INFO] Provided file extension is supported: jpg
16_50_23_224 [INFO] New directory has been created - 211216_16502318
16_50_24_957 [INFO] Waiting for user input...
16_50_34_124 [INFO] Waiting for user input...
16_51_17_581 [INFO] Waiting for user input...
16_51_17_630 [INFO] File loaded: 4k-retro-80s-wallpaper-fhd-1920x1080.jpg
16_51_17_632 [INFO] Provided file extension is supported: jpg
16_51_17_633 [INFO] New directory has been created - 211216_16511758
16_51_20_005 [INFO] Waiting for user input...
16_51_29_080 [INFO] Waiting for user input...
16_51_29_124 [INFO] File loaded: 4k-retro-80s-wallpaper-fhd-1920x1080.jpg
16_51_29_125 [INFO] Provided file extension is supported: jpg
16_51_29_127 [INFO] New directory has been created - 211216_16512908
16_51_30_909 [INFO] Waiting for user input...
16_52_01_720 [INFO] Waiting for user input...
16_52_04_904 [INFO] Waiting for user input...
16_52_07_264 [INFO] Waiting for user input...
16_52_19_210 [INFO] Waiting for user input...
16_52_22_122 [INFO] Waiting for user input...
16_55_45_045 [INFO] Waiting for user input...
16_55_47_745 [INFO] Waiting for user input...
16_55_49_717 [INFO] Waiting for user input...
16_57_20_522 [INFO] Waiting for user input...
16_57_42_938 [INFO] Waiting for user input...
16_57_42_962 [INFO] File loaded: 4k-retro-80s-wallpaper-fhd-1920x1080.jpg
16_57_42_963 [INFO] Provided file extension is supported: jpg
16_57_42_965 [INFO] New directory has been created - 211216_16574294
16_57_44_204 [INFO] Waiting for user input...
16_59_40_608 [INFO] Waiting for user input...
16_59_40_634 [INFO] File loaded: 4k-retro-80s-wallpaper-fhd-1920x1080.jpg
16_59_40_635 [INFO] Provided file extension is supported: jpg
16_59_40_636 [INFO] New directory has been created - 211216_16594061
16_59_41_791 [INFO] Waiting for user input...
17_00_05_719 [INFO] Waiting for user input...
17_00_05_744 [INFO] File loaded: 4k-retro-80s-wallpaper-fhd-1920x1080.jpg
17_00_05_745 [INFO] Provided file extension is supported: jpg
17_00_05_747 [INFO] New directory has been created - 211216_17000572
17_00_07_547 [INFO] Waiting for user input...
17_01_46_161 [INFO] Waiting for user input...
17_01_46_185 [INFO] File loaded: 4k-retro-80s-wallpaper-fhd-1920x1080.jpg
17_01_46_187 [INFO] Provided file extension is supported: jpg
17_01_46_189 [INFO] New directory has been created - 211216_17014616
17_01_47_224 [INFO] Waiting for user input...
17_02_47_755 [INFO] Waiting for user input...
17_02_47_777 [INFO] File loaded: 4k-retro-80s-wallpaper-fhd-1920x1080.jpg
17_02_47_778 [INFO] Provided file extension is supported: jpg
17_02_47_779 [INFO] New directory has been created - 211216_17024775
17_02_49_000 [INFO] Waiting for user input...
17_03_17_633 [INFO] Waiting for user input...
17_03_17_656 [INFO] File loaded: 4k-retro-80s-wallpaper-fhd-1920x1080.jpg
17_03_17_657 [INFO] Provided file extension is supported: jpg
17_03_17_658 [INFO] New directory has been created - 211216_17031763
17_03_18_980 [INFO] Waiting for user input...
17_03_22_398 [INFO] Waiting for user input...
17_05_50_662 [INFO] Waiting for user input...
17_05_50_682 [INFO] File loaded: 4k-retro-80s-wallpaper-fhd-1920x1080.jpg
17_05_50_684 [INFO] Provided file extension is supported: jpg
17_05_50_685 [INFO] New directory has been created - 211216_17055066
17_05_51_655 [INFO] Waiting for user input...
17_06_18_256 [INFO] Waiting for user input...
17_06_18_279 [INFO] File loaded: 4k-retro-80s-wallpaper-fhd-1920x1080.jpg
17_06_18_279 [INFO] Provided file extension is supported: jpg
17_06_18_281 [INFO] New directory has been created - 211216_17061825
17_06_20_566 [INFO] Waiting for user input...
17_06_25_805 [INFO] Waiting for user input...
17_06_32_051 [INFO] Waiting for user input...
17_06_32_053 [INFO] Provided number of parts is correct: True
17_06_41_419 [INFO] Waiting for user input...
17_06_41_421 [INFO] Provided number of parts is correct: True
17_06_44_827 [INFO] Waiting for user input...
17_06_44_849 [INFO] File loaded: 4k-retro-80s-wallpaper-fhd-1920x1080.jpg
17_06_44_851 [INFO] Provided file extension is supported: jpg
17_06_44_852 [INFO] New directory has been created - 211216_17064482
17_06_47_980 [INFO] Waiting for user input...
17_06_47_982 [INFO] Provided number of parts is correct: 27
17_10_42_080 [INFO] Waiting for user input...
17_10_42_103 [INFO] File loaded: 4k-retro-80s-wallpaper-fhd-1920x1080.jpg
17_10_42_104 [INFO] Provided file extension is supported: jpg
17_10_42_105 [INFO] New directory has been created - 211216_17104208
17_10_42_113 [INFO] Waiting for user input...
17_11_55_655 [INFO] Waiting for user input...
17_11_55_676 [INFO] File loaded: 4k-retro-80s-wallpaper-fhd-1920x1080.jpg
17_11_55_678 [INFO] Provided file extension is supported: jpg
17_11_55_679 [INFO] New directory has been created - 211216_17115565
17_11_55_688 [INFO] Waiting for user input...
17_11_57_245 [INFO] Waiting for user input...
17_12_01_313 [INFO] Provided number of parts is correct: 27
17_12_01_315 [INFO] Waiting for user input...
17_12_06_446 [INFO] Waiting for user input...
17_13_29_882 [INFO] Waiting for user input...
17_13_29_904 [INFO] File loaded: 4k-retro-80s-wallpaper-fhd-1920x1080.jpg
17_13_29_905 [INFO] Provided file extension is supported: jpg
17_13_29_906 [INFO] New directory has been created - 211216_17132988
17_13_29_916 [INFO] Waiting for user input...
17_13_34_421 [INFO] Waiting for user input...
17_13_40_092 [INFO] Waiting for user input...
17_13_42_378 [INFO] Provided number of parts is correct: 27
17_13_42_380 [INFO] Waiting for user input...
17_14_03_886 [INFO] Waiting for user input...
17_14_03_908 [INFO] File loaded: 4k-retro-80s-wallpaper-fhd-1920x1080.jpg
17_14_03_909 [INFO] Provided file extension is supported: jpg
17_14_03_910 [INFO] New directory has been created - 211216_17140388
17_14_03_920 [INFO] Waiting for user input...
17_14_05_184 [ERROR] The number of parts is incorrect! 20
17_14_05_186 [INFO] Waiting for user input...
17_14_15_375 [ERROR] The number of parts is incorrect! 30
17_14_15_377 [INFO] Waiting for user input...
17_14_17_193 [INFO] Provided number of parts is correct: 27
17_14_17_195 [INFO] Waiting for user input...
17_16_37_690 [INFO] Waiting for user input...
17_16_37_713 [INFO] File loaded: 4k-retro-80s-wallpaper-fhd-1920x1080.jpg
17_16_37_714 [INFO] Provided file extension is supported: jpg
17_16_37_716 [INFO] New directory has been created - 211216_17163769
17_16_37_726 [INFO] Waiting for user input...
17_16_40_821 [ERROR] The number of parts is incorrect! 30
17_16_40_822 [INFO] Waiting for user input...
17_17_13_446 [INFO] Waiting for user input...
17_17_13_467 [INFO] File loaded: 4k-retro-80s-wallpaper-fhd-1920x1080.jpg
17_17_13_468 [INFO] Provided file extension is supported: jpg
17_17_13_470 [INFO] New directory has been created - 211216_17171344
17_17_13_479 [INFO] Waiting for user input...
17_17_17_018 [ERROR] The number of parts is incorrect! 30
17_17_17_021 [INFO] Waiting for user input...
17_17_24_662 [ERROR] The number of parts is incorrect! 20
17_18_08_962 [INFO] Waiting for user input...
17_18_08_985 [INFO] File loaded: 4k-retro-80s-wallpaper-fhd-1920x1080.jpg
17_18_08_986 [INFO] Provided file extension is supported: jpg
17_18_08_988 [INFO] New directory has been created - 211216_17180896
17_18_08_997 [INFO] Waiting for user input...
17_18_10_131 [ERROR] The number of parts is incorrect! 20
17_19_01_868 [INFO] Waiting for user input...
17_19_01_889 [INFO] File loaded: 4k-retro-80s-wallpaper-fhd-1920x1080.jpg
17_19_01_890 [INFO] Provided file extension is supported: jpg
17_19_01_892 [INFO] New directory has been created - 211216_17190187
17_19_01_899 [INFO] Waiting for user input...
17_19_02_641 [ERROR] The number of parts is incorrect! 20
17_19_52_245 [INFO] Waiting for user input...
17_19_52_266 [INFO] File loaded: 4k-retro-80s-wallpaper-fhd-1920x1080.jpg
17_19_52_267 [INFO] Provided file extension is supported: jpg
17_19_52_268 [INFO] New directory has been created - 211216_17195224
17_19_52_280 [INFO] Waiting for user input...
17_19_53_280 [ERROR] The number of parts is incorrect! 20
17_19_53_283 [INFO] Waiting for user input...
17_21_37_033 [INFO] Provided number of parts is correct: 27
17_21_37_034 [INFO] Waiting for user input...
17_21_39_945 [ERROR] The number of parts is incorrect! 20
17_21_39_948 [INFO] Waiting for user input...
17_25_04_935 [INFO] Waiting for user input...
17_25_04_957 [INFO] File loaded: 4k-retro-80s-wallpaper-fhd-1920x1080.jpg
17_25_04_958 [INFO] Provided file extension is supported: jpg
17_25_04_959 [INFO] New directory has been created - 211216_17250493
17_25_04_969 [INFO] Waiting for user input...
17_25_06_627 [ERROR] The number of parts is incorrect! 20
17_25_06_629 [INFO] Waiting for user input...
17_25_13_342 [ERROR] The number of parts is incorrect! 30
17_25_13_345 [INFO] Waiting for user input...
17_26_15_530 [INFO] Waiting for user input...
17_26_15_551 [INFO] File loaded: 4k-retro-80s-wallpaper-fhd-1920x1080.jpg
17_26_15_552 [INFO] Provided file extension is supported: jpg
17_26_15_554 [INFO] New directory has been created - 211216_17261553
17_26_15_562 [INFO] Waiting for user input...
17_26_16_466 [ERROR] The number of parts is incorrect! 20
17_26_50_081 [INFO] Waiting for user input...
17_26_50_102 [INFO] File loaded: 4k-retro-80s-wallpaper-fhd-1920x1080.jpg
17_26_50_103 [INFO] Provided file extension is supported: jpg
17_26_50_105 [INFO] New directory has been created - 211216_17265008
17_26_50_116 [INFO] Waiting for user input...
17_26_51_138 [ERROR] The number of parts is incorrect! 20
17_26_51_140 [INFO] Waiting for user input...
17_27_01_949 [ERROR] The number of parts is incorrect! 30
17_27_01_952 [INFO] Waiting for user input...
17_27_05_433 [ERROR] The number of parts is incorrect! 500
17_27_05_436 [INFO] Waiting for user input...
17_27_08_591 [ERROR] The number of parts is incorrect! 600
17_27_08_593 [INFO] Waiting for user input...
17_27_20_097 [INFO] Provided number of parts is correct: 950
17_27_20_098 [INFO] Waiting for user input...
17_27_25_976 [ERROR] The number of parts is incorrect! 100
17_27_25_978 [INFO] Waiting for user input...
17_27_28_016 [INFO] Provided number of parts is correct: 141
17_27_28_018 [INFO] Waiting for user input...
17_29_58_926 [INFO] Waiting for user input...
17_29_58_949 [INFO] File loaded: 4k-retro-80s-wallpaper-fhd-1920x1080.jpg
17_29_58_950 [INFO] Provided file extension is supported: jpg
17_29_58_952 [INFO] New directory has been created - 211216_17295892
17_29_58_963 [INFO] Waiting for user input...
17_30_00_418 [ERROR] The number of parts is incorrect! 30
17_30_00_421 [INFO] Waiting for user input...
17_30_26_177 [INFO] Waiting for user input...
17_30_26_200 [INFO] File loaded: 4k-retro-80s-wallpaper-fhd-1920x1080.jpg
17_30_26_201 [INFO] Provided file extension is supported: jpg
17_30_26_202 [INFO] New directory has been created - 211216_17302617
17_30_26_212 [INFO] Waiting for user input...
17_30_27_146 [ERROR] The number of parts is incorrect! 30
17_30_27_149 [INFO] Waiting for user input...
17_30_30_204 [ERROR] The number of parts is incorrect! 15
17_30_30_206 [INFO] Waiting for user input...
17_30_32_454 [INFO] Provided number of parts is correct: 27
17_37_26_157 [INFO] Waiting for user input...
17_37_26_180 [INFO] File loaded: 4k-retro-80s-wallpaper-fhd-1920x1080.jpg
17_37_26_181 [INFO] Provided file extension is supported: jpg
17_37_26_182 [INFO] New directory has been created - 211216_17372615
17_37_26_193 [INFO] Waiting for user input...
17_37_27_730 [INFO] Provided number of parts is correct: 27
17_37_27_732 [INFO] Number of parts used: 277
17_37_27_733 [INFO] Width and height of a part: 0.898916967509025
17_37_27_735 [INFO] Percentage of last part rounded horizontally: 0.931407942238267
17_37_55_275 [INFO] Waiting for user input...
17_37_55_297 [INFO] File loaded: 4k-retro-80s-wallpaper-fhd-1920x1080.jpg
17_37_55_298 [INFO] Provided file extension is supported: jpg
17_37_55_299 [INFO] New directory has been created - 211216_17375527
17_37_55_309 [INFO] Waiting for user input...
17_37_57_148 [INFO] Provided number of parts is correct: 27
17_37_57_150 [INFO] Number of parts used: 27
17_37_57_152 [INFO] Width and height of a part: 277
17_37_57_153 [INFO] Percentage of last part rounded horizontally: 0.898916967509025
17_37_57_154 [INFO] Percentage of last part rounded vertically: 0.931407942238267
17_39_06_920 [INFO] Waiting for user input...
17_39_06_942 [INFO] File loaded: 4k-retro-80s-wallpaper-fhd-1920x1080.jpg
17_39_06_943 [INFO] Provided file extension is supported: jpg
17_39_06_944 [INFO] New directory has been created - 211216_17390692
17_39_06_957 [INFO] Waiting for user input...
17_39_08_887 [ERROR] The number of parts is incorrect! 30
17_39_08_889 [INFO] Waiting for user input...
17_39_12_282 [INFO] Provided number of parts is correct: 46
17_39_12_284 [INFO] Number of parts used: 46
17_39_12_285 [INFO] Width and height of a part: 212
17_39_12_287 [INFO] Percentage of last row rounded vertically: 0.09433962264151
17_39_12_289 [INFO] Percentage of last column rounded horizontally: 0.056603773584905
17_46_02_764 [INFO] Waiting for user input...
17_46_02_788 [INFO] File loaded: 4k-retro-80s-wallpaper-fhd-1920x1080.jpg
17_46_02_789 [INFO] Provided file extension is supported: jpg
17_46_02_791 [INFO] New directory has been created - 211216_17460276
17_46_02_803 [INFO] Waiting for user input...
17_46_06_950 [ERROR] The number of parts is incorrect! 24
17_46_06_952 [INFO] Waiting for user input...
17_46_17_203 [ERROR] The number of parts is incorrect! 30
17_46_17_205 [INFO] Waiting for user input...
17_46_20_745 [ERROR] The number of parts is incorrect! 50
17_46_20_748 [INFO] Waiting for user input...
17_46_22_964 [INFO] Provided number of parts is correct: 5000
17_46_22_966 [INFO] Number of parts used: 5000
17_46_22_967 [INFO] Width and height of a part in pixels: 20
17_46_22_969 [INFO] Percentage of last row rounded vertically: 0.0
17_46_22_971 [INFO] Percentage of last column rounded horizontally: 0.0
17_47_54_344 [INFO] Waiting for user input...
17_47_54_365 [INFO] File loaded: 4k-retro-80s-wallpaper-fhd-1920x1080.jpg
17_47_54_367 [INFO] Provided file extension is supported: jpg
17_47_54_368 [INFO] New directory has been created - 211216_17475434
17_47_54_379 [INFO] Waiting for user input...
17_47_55_768 [INFO] Provided number of parts is correct: 27
17_47_55_770 [INFO] Number of parts used: 27
17_47_55_771 [INFO] Width and height of a part in pixels: 277
17_47_55_773 [INFO] Percentage of last row rounded vertically: 0.898916967509025
17_47_55_775 [INFO] Percentage of last column rounded horizontally: 0.931407942238267
18_14_37_201 [INFO] Waiting for user input...
18_14_37_225 [INFO] File loaded: 4k-retro-80s-wallpaper-fhd-1920x1080.jpg
18_14_37_226 [INFO] Provided file extension is supported: jpg
18_14_37_228 [INFO] New directory has been created - 211216_18143720
18_14_37_241 [INFO] Waiting for user input...
18_14_39_270 [ERROR] The number of parts is incorrect! 28
18_14_39_273 [INFO] Waiting for user input...
18_14_43_698 [INFO] Provided number of parts is correct: 47
18_14_43_699 [INFO] Number of parts used: 47
18_14_43_700 [INFO] Width and height of a part in pixels: 210
18_14_43_702 [INFO] Percentage of last row rounded vertically: 0.142857142857143
18_14_43_703 [INFO] Percentage of last column rounded horizontally: 0.142857142857142
18_14_47_320 [INFO] Waiting for user input...
18_14_47_341 [INFO] File loaded: 4k-retro-80s-wallpaper-fhd-1920x1080.jpg
18_14_47_343 [INFO] Provided file extension is supported: jpg
18_14_47_344 [INFO] New directory has been created - 211216_18144732
18_14_47_354 [INFO] Waiting for user input...
18_14_48_299 [ERROR] The number of parts is incorrect! 48
18_14_48_300 [INFO] Waiting for user input...
18_15_44_570 [ERROR] The number of parts is incorrect! 48
18_15_44_572 [INFO] Waiting for user input...
18_15_46_802 [INFO] Provided number of parts is correct: 47
18_15_46_804 [INFO] Number of parts used: 47
18_15_46_806 [INFO] Width and height of a part in pixels: 210
18_15_46_808 [INFO] Percentage of last row rounded vertically: 0.142857142857143
18_15_46_810 [INFO] Percentage of last column rounded horizontally: 0.142857142857142
18_55_02_420 [INFO] Waiting for user input...
18_55_02_449 [INFO] File loaded: 4k-retro-80s-wallpaper-fhd-1920x1080.jpg
18_55_02_450 [INFO] Provided file extension is supported: jpg
18_55_02_451 [INFO] New directory has been created - 211216_18550242
18_55_02_465 [INFO] Waiting for user input...
18_55_55_817 [INFO] Waiting for user input...
18_55_55_844 [INFO] File loaded: 4k-retro-80s-wallpaper-fhd-1920x1080.jpg
18_55_55_845 [INFO] Provided file extension is supported: jpg
18_55_55_847 [INFO] New directory has been created - 211216_18555581
18_55_55_856 [INFO] Waiting for user input...
18_55_59_195 [ERROR] The number of parts is incorrect! 20
18_55_59_196 [INFO] Waiting for user input...
18_56_01_149 [ERROR] The number of parts is incorrect! 400
18_56_01_151 [INFO] Waiting for user input...
18_56_08_170 [INFO] Waiting for user input...
18_56_08_199 [INFO] File loaded: 4k-retro-80s-wallpaper-fhd-1920x1080.jpg
18_56_08_200 [INFO] Provided file extension is supported: jpg
18_56_08_201 [INFO] New directory has been created - 211216_18560817
18_56_08_215 [INFO] Waiting for user input...
18_56_46_753 [INFO] Waiting for user input...
18_56_46_777 [INFO] File loaded: 4k-retro-80s-wallpaper-fhd-1920x1080.jpg
18_56_46_778 [INFO] Provided file extension is supported: jpg
18_56_46_779 [INFO] New directory has been created - 211216_18564675
18_56_46_790 [INFO] Waiting for user input...
18_56_53_083 [ERROR] The number of parts is incorrect! 360
18_56_53_084 [INFO] Waiting for user input...
18_57_04_031 [ERROR] The number of parts is incorrect! 305
18_57_04_034 [INFO] Waiting for user input...
18_57_07_423 [INFO] Provided number of parts is correct: 304
18_57_07_426 [INFO] Number of parts used: 304
18_57_07_428 [INFO] Width and height of a part in pixels: 83
18_57_07_430 [INFO] Percentage of last row rounded vertically: 0.012048192771084
18_57_07_432 [INFO] Percentage of last column rounded horizontally: 0.132530120481928
19_35_17_447 [INFO] Waiting for user input...
19_35_17_574 [INFO] File loaded: 4k-retro-80s-wallpaper-fhd-1920x1080.jpg
19_35_17_575 [INFO] Provided file extension is supported: jpg
19_35_17_576 [INFO] New directory has been created - 211216_19351744
19_35_17_587 [INFO] Waiting for user input...
19_35_19_790 [ERROR] The number of parts is incorrect! 20
19_35_19_792 [INFO] Waiting for user input...
19_35_21_926 [INFO] Provided number of parts is correct: 27
19_35_21_929 [INFO] Number of parts used: 27
19_35_21_931 [INFO] Width and height of a part in pixels: 277
19_35_21_932 [INFO] Percentage of last row rounded vertically: 0.898916967509025
19_35_21_933 [INFO] Percentage of last column rounded horizontally: 0.931407942238267
19_38_14_079 [INFO] Waiting for user input...
19_38_14_100 [INFO] File loaded: 4k-retro-80s-wallpaper-fhd-1920x1080.jpg
19_38_14_101 [INFO] Provided file extension is supported: jpg
19_38_14_103 [INFO] New directory has been created - 211216_19381408
19_38_14_112 [INFO] Waiting for user input...
19_38_18_152 [ERROR] The number of parts is incorrect! 20
19_38_18_154 [INFO] Waiting for user input...
19_38_19_195 [INFO] Provided number of parts is correct: 27
19_38_19_197 [INFO] Number of parts used: 27
19_38_19_198 [INFO] Width and height of a part in pixels: 277
19_38_19_200 [INFO] Percentage of last row rounded vertically: 0.898916967509025
19_38_19_202 [INFO] Percentage of last column rounded horizontally: 0.931407942238267
19_51_38_280 [INFO] Waiting for user input...
19_51_38_399 [INFO] File loaded: 4k-retro-80s-wallpaper-fhd-1920x1080.jpg
19_51_38_400 [INFO] Provided file extension is supported: jpg
19_51_38_401 [INFO] New directory has been created - 211216_19513828
19_51_38_412 [INFO] Waiting for user input...
19_52_21_503 [ERROR] The number of parts is incorrect! 20
19_52_21_506 [INFO] Waiting for user input...
19_52_22_436 [INFO] Provided number of parts is correct: 27
19_52_22_438 [INFO] Number of parts used: 27
19_52_22_440 [INFO] Width and height of a part in pixels: 277
19_52_22_442 [INFO] Percentage of last row rounded vertically: 0.898916967509025
19_52_22_444 [INFO] Percentage of last column rounded horizontally: 0.931407942238267
19_52_26_332 [INFO] Waiting for user input...
19_52_26_354 [INFO] File loaded: 4k-retro-80s-wallpaper-fhd-1920x1080.jpg
19_52_26_355 [INFO] Provided file extension is supported: jpg
19_52_26_357 [INFO] New directory has been created - 211216_19522633
19_52_26_367 [INFO] Waiting for user input...
19_52_36_969 [INFO] Provided number of parts is correct: 27
19_52_36_970 [INFO] Number of parts used: 27
19_52_36_972 [INFO] Width and height of a part in pixels: 277
19_52_36_974 [INFO] Percentage of last row rounded vertically: 0.898916967509025
19_52_36_976 [INFO] Percentage of last column rounded horizontally: 0.931407942238267
19_52_39_348 [INFO] Waiting for user input...
19_52_39_371 [INFO] File loaded: 4k-retro-80s-wallpaper-fhd-1920x1080.jpg
19_52_39_372 [INFO] Provided file extension is supported: jpg
19_52_39_381 [INFO] New directory has been created - 211216_19523935
19_52_39_392 [INFO] Waiting for user input...
20_59_18_802 [INFO] Directory already present - logs
20_59_18_803 [INFO] Directory already present - backups\blocks
20_59_18_804 [INFO] Directory already present - backups\images
20_59_18_805 [INFO] All directories needed are present
20_59_18_806 [INFO] Waiting for user input...
20_59_43_187 [INFO] File loaded: 4k-retro-80s-wallpaper-fhd-1920x1080.jpg
20_59_43_188 [INFO] Provided file extension is supported: jpg
20_59_43_190 [INFO] New directory has been created - 211216_20594315
20_59_43_202 [INFO] Waiting for user input...
21_00_43_538 [INFO] Directory already present - logs
21_00_43_540 [INFO] Directory already present - backups\blocks
21_00_43_541 [INFO] Directory already present - backups\images
21_00_43_542 [INFO] All directories needed are present
21_00_43_543 [INFO] Waiting for user input...
21_01_04_658 [INFO] File loaded: 176236.jpg
21_01_04_660 [INFO] Provided file extension is supported: jpg
21_01_04_661 [INFO] New directory has been created - 211216_21010462
21_01_04_672 [INFO] Waiting for user input...
21_02_03_272 [ERROR] The number of parts is incorrect! 215
21_02_03_275 [INFO] Waiting for user input...
21_03_51_342 [ERROR] The number of parts is incorrect! 220
21_03_51_344 [INFO] Waiting for user input...
21_03_57_125 [INFO] Provided number of parts is correct: 184
21_03_57_127 [INFO] Number of parts used: 184
21_03_57_129 [INFO] Width and height of a part in pixels: 142
21_03_57_130 [INFO] Percentage of last row rounded vertically: 0.140845070422536
21_03_57_132 [INFO] Percentage of last column rounded horizontally: 0.028169014084508
