20_50_42_073 [INFO] Directory already present - logs
20_50_42_081 [INFO] Directory already present - backups\images
20_50_42_081 [INFO] All directories needed are present
20_50_42_089 [INFO] Waiting for user input...
20_51_02_196 [INFO] File loaded: Engineering_Thesis
20_51_10_432 [INFO] Directory already present - logs
20_51_10_440 [INFO] Directory already present - backups\images
20_51_10_440 [INFO] All directories needed are present
20_51_10_440 [INFO] Waiting for user input...
20_51_23_385 [INFO] File loaded: 4k-retro-80s-wallpaper-fhd-1920x1080.jpg
20_51_33_982 [INFO] Directory already present - logs
20_51_33_982 [INFO] Directory already present - backups\images
20_51_33_982 [INFO] All directories needed are present
20_51_33_982 [INFO] Waiting for user input...
20_51_38_711 [INFO] File loaded: 4k-retro-80s-wallpaper-fhd-1920x1080.jpg
20_51_38_711 [INFO] Provided file extension is supported: jpg
20_51_38_727 [INFO] New directory has been created - 220127_20513871
20_51_38_887 [INFO] Waiting for user input...
20_51_40_516 [INFO] Number of parts used(in terms of an area covered): 292
20_51_40_516 [INFO] Total number of parts used: 299
20_51_40_516 [INFO] Width and height of every part in pixels(excluding last row & column): 84
20_51_40_516 [INFO] Percentage of edges rounded vertically: 0.14285714285714202
20_51_40_524 [INFO] Percentage of edges rounded horizontally: 0.14285714285714202
20_51_41_451 [INFO] All the blocks have been successfully generated
21_53_32_085 [INFO] Directory already present - logs
21_53_32_092 [INFO] Directory already present - backups\images
21_53_32_093 [INFO] All directories needed are present
21_53_32_095 [INFO] Waiting for user input...
21_53_35_488 [INFO] File loaded: 4k-retro-80s-wallpaper-fhd-1920x1080.jpg
21_53_35_490 [INFO] Provided file extension is supported: jpg
21_53_35_491 [INFO] New directory has been created - 220127_21533548
21_53_35_514 [INFO] Waiting for user input...
21_53_36_848 [INFO] Waiting for user input...
21_53_52_091 [INFO] Waiting for user input...
21_54_01_335 [INFO] Number of parts used(in terms of an area covered): 9000
21_54_01_337 [INFO] Total number of parts used: 9216
21_54_01_338 [INFO] Width and height of every part in pixels(excluding last row & column): 15
21_54_01_340 [INFO] Percentage of edges rounded vertically: 1.0
21_54_01_341 [INFO] Percentage of edges rounded horizontally: 1.0
21_54_01_912 [INFO] All the blocks have been successfully generated
22_11_23_920 [INFO] Directory already present - logs
22_11_23_920 [INFO] Directory already present - backups\images
22_11_23_920 [INFO] All directories needed are present
22_11_23_930 [INFO] Waiting for user input...
22_11_26_881 [INFO] File loaded: 4k-retro-80s-wallpaper-fhd-1920x1080.jpg
22_11_26_883 [INFO] Provided file extension is supported: jpg
22_11_26_885 [INFO] New directory has been created - 220127_22112688
22_11_26_904 [INFO] Waiting for user input...
22_11_29_804 [INFO] Number of parts used(in terms of an area covered): 292
22_11_29_806 [INFO] Total number of parts used: 299
22_11_29_808 [INFO] Width and height of every part in pixels(excluding last row & column): 84
22_11_29_810 [INFO] Percentage of edges rounded vertically: 0.14285714285714202
22_11_29_812 [INFO] Percentage of edges rounded horizontally: 0.14285714285714202
22_11_30_294 [INFO] All the blocks have been successfully generated
22_11_48_938 [INFO] Directory already present - logs
22_11_48_940 [INFO] Directory already present - backups\images
22_11_48_941 [INFO] All directories needed are present
22_11_48_943 [INFO] Waiting for user input...
22_12_24_606 [INFO] Directory already present - logs
22_12_24_606 [INFO] Directory already present - backups\images
22_12_24_614 [INFO] All directories needed are present
22_12_24_615 [INFO] Waiting for user input...
22_12_27_734 [INFO] File loaded: 4k-retro-80s-wallpaper-fhd-1920x1080.jpg
22_12_27_736 [INFO] Provided file extension is supported: jpg
22_12_27_738 [INFO] New directory has been created - 220127_22122773
22_12_27_756 [INFO] Waiting for user input...
22_12_30_996 [INFO] Number of parts used(in terms of an area covered): 292
22_12_30_999 [INFO] Total number of parts used: 299
22_12_31_001 [INFO] Width and height of every part in pixels(excluding last row & column): 84
22_12_31_002 [INFO] Percentage of edges rounded vertically: 0.14285714285714202
22_12_31_004 [INFO] Percentage of edges rounded horizontally: 0.14285714285714202
22_12_31_510 [INFO] All the blocks have been successfully generated
22_13_41_269 [INFO] Directory already present - logs
22_13_41_269 [INFO] Directory already present - backups\images
22_13_41_280 [INFO] All directories needed are present
22_13_41_283 [INFO] Waiting for user input...
22_13_44_060 [INFO] File loaded: 4k-retro-80s-wallpaper-fhd-1920x1080.jpg
22_13_44_062 [INFO] Provided file extension is supported: jpg
22_13_44_065 [INFO] New directory has been created - 220127_22134406
22_13_44_084 [INFO] Waiting for user input...
22_13_45_548 [INFO] Waiting for user input...
22_13_53_645 [INFO] Number of parts used(in terms of an area covered): 292
22_13_53_646 [INFO] Total number of parts used: 299
22_13_53_647 [INFO] Width and height of every part in pixels(excluding last row & column): 84
22_13_53_648 [INFO] Percentage of edges rounded vertically: 0.14285714285714202
22_13_53_650 [INFO] Percentage of edges rounded horizontally: 0.14285714285714202
22_13_54_226 [INFO] All the blocks have been successfully generated
22_14_34_938 [INFO] Directory already present - logs
22_14_34_938 [INFO] Directory already present - backups\images
22_14_34_943 [INFO] All directories needed are present
22_14_34_945 [INFO] Waiting for user input...
22_14_37_687 [INFO] File loaded: 4k-retro-80s-wallpaper-fhd-1920x1080.jpg
22_14_37_689 [INFO] Provided file extension is supported: jpg
22_14_37_692 [INFO] New directory has been created - 220127_22143768
22_14_37_710 [INFO] Waiting for user input...
22_14_39_157 [INFO] Number of parts used(in terms of an area covered): 292
22_14_39_158 [INFO] Total number of parts used: 299
22_14_39_160 [INFO] Width and height of every part in pixels(excluding last row & column): 84
22_14_39_161 [INFO] Percentage of edges rounded vertically: 0.14285714285714202
22_14_39_162 [INFO] Percentage of edges rounded horizontally: 0.14285714285714202
22_14_39_812 [INFO] All the blocks have been successfully generated
22_14_46_018 [INFO] Directory already present - logs
22_14_46_018 [INFO] Directory already present - backups\images
22_14_46_030 [INFO] All directories needed are present
22_14_46_033 [INFO] Waiting for user input...
22_14_53_477 [INFO] File loaded: 4k-retro-80s-wallpaper-fhd-1920x1080.jpg
22_14_53_478 [INFO] Provided file extension is supported: jpg
22_14_53_479 [INFO] New directory has been created - 220127_22145347
22_14_53_498 [INFO] Waiting for user input...
22_14_59_830 [ERROR] The number of parts is incorrect! 1000
22_14_59_833 [INFO] Waiting for user input...
22_15_03_051 [INFO] Number of parts used(in terms of an area covered): 959
22_15_03_052 [INFO] Total number of parts used: 943
22_15_03_053 [INFO] Width and height of every part in pixels(excluding last row & column): 47
22_15_03_054 [INFO] Percentage of edges rounded vertically: 0.021276595744679994
22_15_03_055 [INFO] Percentage of edges rounded horizontally: 0.14893617021276395
22_15_03_582 [INFO] All the blocks have been successfully generated
22_15_22_629 [INFO] Directory already present - logs
22_15_22_645 [INFO] Directory already present - backups\images
22_15_22_647 [INFO] All directories needed are present
22_15_22_648 [INFO] Waiting for user input...
22_15_24_910 [INFO] File loaded: 4k-retro-80s-wallpaper-fhd-1920x1080.jpg
22_15_24_912 [INFO] Provided file extension is supported: jpg
22_15_24_915 [INFO] New directory has been created - 220127_22152491
22_15_24_921 [INFO] Waiting for user input...
22_15_27_416 [INFO] Number of parts used(in terms of an area covered): 959
22_15_27_418 [INFO] Total number of parts used: 943
22_15_27_420 [INFO] Width and height of every part in pixels(excluding last row & column): 47
22_15_27_421 [INFO] Percentage of edges rounded vertically: 0.021276595744679994
22_15_27_423 [INFO] Percentage of edges rounded horizontally: 0.14893617021276395
22_15_27_968 [INFO] All the blocks have been successfully generated
22_16_03_927 [INFO] Directory already present - logs
22_16_03_927 [INFO] Directory already present - backups\images
22_16_03_931 [INFO] All directories needed are present
22_16_03_933 [INFO] Waiting for user input...
22_16_06_431 [INFO] File loaded: 4k-retro-80s-wallpaper-fhd-1920x1080.jpg
22_16_06_432 [INFO] Provided file extension is supported: jpg
22_16_06_434 [INFO] New directory has been created - 220127_22160643
22_16_06_452 [INFO] Waiting for user input...
22_16_10_221 [INFO] Number of parts used(in terms of an area covered): 959
22_16_10_224 [INFO] Total number of parts used: 943
22_16_10_225 [INFO] Width and height of every part in pixels(excluding last row & column): 47
22_16_10_227 [INFO] Percentage of edges rounded vertically: 0.021276595744679994
22_16_10_228 [INFO] Percentage of edges rounded horizontally: 0.14893617021276395
22_16_10_754 [INFO] All the blocks have been successfully generated
22_35_53_486 [INFO] Directory already present - logs
22_35_53_502 [INFO] Directory already present - backups\images
22_35_53_503 [INFO] All directories needed are present
22_35_53_505 [INFO] Waiting for user input...
22_35_55_790 [INFO] File loaded: 4k-retro-80s-wallpaper-fhd-1920x1080.jpg
22_35_55_792 [INFO] Provided file extension is supported: jpg
22_35_55_794 [INFO] New directory has been created - 220127_22355579
22_35_55_910 [INFO] Waiting for user input...
22_35_57_377 [ERROR] The number of parts is incorrect! 20
22_35_57_378 [INFO] Waiting for user input...
22_36_00_328 [INFO] Number of parts used(in terms of an area covered): 27
22_36_00_331 [INFO] Total number of parts used: 28
22_36_00_332 [INFO] Width and height of every part in pixels(excluding last row & column): 277
22_36_00_334 [INFO] Percentage of edges rounded vertically: 0.10108303249097506
22_36_00_336 [INFO] Percentage of edges rounded horizontally: 0.06859205776173305
22_36_00_831 [INFO] All the blocks have been successfully generated
