18_03_00_335 [INFO] Directory already present - logs
18_03_00_336 [INFO] Directory already present - backups/blocks
18_03_00_337 [INFO] Directory already present - backups/images
18_09_06_926 [INFO] Directory already present - logs
18_09_06_927 [INFO] Directory already present - backups/blocks
18_09_06_928 [INFO] Directory already present - backups/images
18_10_16_433 [INFO] Directory already present - logs
18_10_16_434 [INFO] Directory already present - backups/blocks
18_10_23_373 [INFO] Directory already present - logs
18_10_23_374 [INFO] Directory already present - backups/blocks
18_10_32_917 [INFO] Directory already present - logs
18_10_32_918 [INFO] Directory already present - backups/blocks
18_10_47_435 [INFO] Directory already present - logs
18_10_47_435 [INFO] Directory already present - backups/blocks
18_11_07_216 [INFO] Directory already present - logs
18_11_07_216 [INFO] Directory already present - backups/blocks
18_11_38_345 [INFO] Directory already present - logs
18_11_38_346 [INFO] Directory already present - backups/blocks
18_12_00_162 [INFO] Directory already present - logs
18_12_00_163 [INFO] Directory already present - backups/blocks
18_13_31_360 [INFO] Directory already present - logs
18_13_31_360 [INFO] Directory already present - backups/blocks
18_14_47_630 [INFO] Directory already present - logs
18_14_47_630 [INFO] Directory already present - backups/blocks
18_17_41_611 [INFO] Directory already present - logs
18_17_41_611 [INFO] Directory already present - backups/blocks
18_17_41_612 [INFO] New directory has been created - backups/images
18_28_03_165 [INFO] New directory has been created - C
18_29_38_294 [INFO] New directory has been created - C
18_29_50_637 [INFO] New directory has been created - C
18_30_32_467 [INFO] New directory has been created - C
18_31_09_057 [INFO] Directory already present - logs
18_31_09_058 [INFO] Directory already present - backups/blocks
18_31_09_059 [INFO] New directory has been created - backups/images
18_31_20_498 [INFO] Directory already present - logs
18_31_20_499 [INFO] Directory already present - backups/blocks
18_31_20_499 [INFO] New directory has been created - backups/images
18_31_23_923 [INFO] Directory already present - logs
18_31_23_923 [INFO] Directory already present - backups/blocks
18_31_23_924 [INFO] New directory has been created - backups/images
18_31_25_192 [INFO] Directory already present - logs
18_31_25_192 [INFO] Directory already present - backups/blocks
18_31_25_193 [INFO] New directory has been created - backups/images
18_31_26_004 [INFO] Directory already present - logs
18_31_26_004 [INFO] Directory already present - backups/blocks
18_31_26_005 [INFO] New directory has been created - backups/images
18_31_26_785 [INFO] Directory already present - logs
18_31_26_786 [INFO] Directory already present - backups/blocks
18_31_26_787 [INFO] New directory has been created - backups/images
18_33_39_779 [INFO] Directory already present - logs
18_33_39_779 [INFO] Directory already present - backups/blocks
18_33_39_780 [INFO] New directory has been created - backups/images
18_33_40_697 [INFO] Directory already present - logs
18_33_40_698 [INFO] Directory already present - backups/blocks
18_33_40_698 [INFO] Directory already present - backups/images
18_33_46_876 [INFO] Directory already present - logs
18_33_46_877 [INFO] Directory already present - backups/blocks
18_33_46_877 [INFO] Directory already present - backups/images
18_33_51_000 [INFO] Directory already present - logs
18_33_51_000 [INFO] Directory already present - backups/blocks
18_33_51_001 [INFO] Directory already present - backups/images
18_33_51_895 [INFO] Directory already present - logs
18_33_51_895 [INFO] Directory already present - backups/blocks
18_33_51_895 [INFO] Directory already present - backups/images
18_34_02_638 [INFO] Directory already present - logs
18_34_02_638 [INFO] Directory already present - backups/blocks
18_34_02_639 [INFO] New directory has been created - backups/images
18_34_09_347 [INFO] Directory already present - logs
18_34_09_347 [INFO] Directory already present - backups/blocks
18_34_09_348 [INFO] Directory already present - backups/images
19_37_06_483 [INFO] New directory has been created - logs
19_37_06_484 [INFO] New directory has been created - backups/blocks
19_37_06_484 [INFO] New directory has been created - backups/images
19_37_11_323 [INFO] New directory has been created - logs
19_37_11_324 [INFO] New directory has been created - backups/blocks
19_37_11_324 [INFO] New directory has been created - backups/images
19_51_54_564 [INFO] Directory already present - logs
19_51_54_565 [INFO] New directory has been created - backups/blocks
19_51_54_566 [INFO] New directory has been created - backups/images
19_52_03_044 [INFO] Directory already present - logs
19_52_03_045 [INFO] New directory has been created - backups/blocks
19_52_03_045 [INFO] New directory has been created - backups/images
19_52_09_946 [INFO] Directory already present - logs
19_52_09_947 [INFO] New directory has been created - backups/blocks
19_52_09_948 [INFO] New directory has been created - backups/images
19_52_17_721 [INFO] Directory already present - logs
19_52_17_722 [INFO] New directory has been created - backups/blocks
19_52_17_722 [INFO] New directory has been created - backups/images
19_52_24_150 [INFO] Directory already present - logs
19_52_24_150 [INFO] New directory has been created - backups/blocks
19_52_24_151 [INFO] New directory has been created - backups/images
19_52_44_432 [INFO] Directory already present - logs
19_52_44_432 [INFO] New directory has been created - backups/blocks
19_52_44_433 [INFO] New directory has been created - backups/images
19_52_53_942 [INFO] Directory already present - logs
19_52_53_942 [INFO] New directory has been created - backups/blocks
19_52_53_943 [INFO] New directory has been created - backups/images
19_53_44_547 [INFO] Directory already present - logs
19_53_44_548 [INFO] New directory has been created - backups/blocks
19_53_44_549 [INFO] New directory has been created - backups/images
19_53_50_156 [INFO] Directory already present - logs
19_54_08_034 [INFO] Directory already present - logs
19_55_37_252 [INFO] Directory already present - logs
19_57_26_855 [INFO] Directory already present - logs
19_57_26_855 [INFO] Directory already present - backups\blocks
19_57_26_856 [INFO] Directory already present - backups\images
19_57_40_207 [INFO] Directory already present - logs
19_57_40_207 [INFO] Directory already present - backups\blocks
19_57_40_208 [INFO] Directory already present - backups\images
20_08_30_848 [INFO] Directory already present - logs
20_08_30_848 [INFO] Directory already present - backups\blocks
20_08_30_848 [INFO] Directory already present - backups\images
20_08_30_848 [INFO] All directories needed are present
20_09_11_217 [INFO] Directory already present - logs
20_09_11_218 [INFO] Directory already present - backups\blocks
20_09_11_218 [INFO] Directory already present - backups\images
20_09_11_218 [INFO] All directories needed are present
20_09_35_560 [INFO] Directory already present - logs
20_09_35_561 [INFO] New directory has been created - backups\blocks
20_09_35_561 [INFO] New directory has been created - backups\images
20_09_35_562 [INFO] All directories needed are present
20_12_30_364 [INFO] Directory already present - logs
20_12_30_365 [INFO] Directory already present - backups\blocks
20_12_30_366 [INFO] Directory already present - backups\images
20_12_35_429 [INFO] Directory already present - logs
20_12_35_430 [INFO] Directory already present - backups\blocks
20_12_35_430 [INFO] Directory already present - backups\images
20_12_36_365 [INFO] Directory already present - logs
20_12_36_365 [INFO] Directory already present - backups\blocks
20_12_36_366 [INFO] Directory already present - backups\images
20_13_02_672 [INFO] Directory already present - logs
20_13_02_672 [INFO] Directory already present - backups\blocks
20_13_02_672 [INFO] Directory already present - backups\images
20_13_02_734 [INFO] Directory already present - logs
20_13_02_735 [INFO] Directory already present - backups\blocks
20_13_02_735 [INFO] Directory already present - backups\images
20_13_02_797 [INFO] Directory already present - logs
20_13_02_798 [INFO] Directory already present - backups\blocks
20_13_02_798 [INFO] Directory already present - backups\images
20_13_02_877 [INFO] Directory already present - logs
20_13_02_878 [INFO] Directory already present - backups\blocks
20_13_02_878 [INFO] Directory already present - backups\images
20_13_02_942 [INFO] Directory already present - logs
20_13_02_943 [INFO] Directory already present - backups\blocks
20_13_02_943 [INFO] Directory already present - backups\images
20_13_03_008 [INFO] Directory already present - logs
20_13_03_008 [INFO] Directory already present - backups\blocks
20_13_03_009 [INFO] Directory already present - backups\images
20_13_03_069 [INFO] Directory already present - logs
20_13_03_070 [INFO] Directory already present - backups\blocks
20_13_03_070 [INFO] Directory already present - backups\images
20_13_03_131 [INFO] Directory already present - logs
20_13_03_132 [INFO] Directory already present - backups\blocks
20_13_03_132 [INFO] Directory already present - backups\images
20_13_03_193 [INFO] Directory already present - logs
20_13_03_194 [INFO] Directory already present - backups\blocks
20_13_03_194 [INFO] Directory already present - backups\images
20_13_03_258 [INFO] Directory already present - logs
20_13_03_258 [INFO] Directory already present - backups\blocks
20_13_03_259 [INFO] Directory already present - backups\images
20_13_03_321 [INFO] Directory already present - logs
20_13_03_322 [INFO] Directory already present - backups\blocks
20_13_03_322 [INFO] Directory already present - backups\images
20_13_03_386 [INFO] Directory already present - logs
20_13_03_386 [INFO] Directory already present - backups\blocks
20_13_03_387 [INFO] Directory already present - backups\images
20_13_03_451 [INFO] Directory already present - logs
20_13_03_451 [INFO] Directory already present - backups\blocks
20_13_03_451 [INFO] Directory already present - backups\images
20_13_03_517 [INFO] Directory already present - logs
20_13_03_518 [INFO] Directory already present - backups\blocks
20_13_03_518 [INFO] Directory already present - backups\images
20_13_03_581 [INFO] Directory already present - logs
20_13_03_582 [INFO] Directory already present - backups\blocks
20_13_03_582 [INFO] Directory already present - backups\images
20_13_03_646 [INFO] Directory already present - logs
20_13_03_646 [INFO] Directory already present - backups\blocks
20_13_03_647 [INFO] Directory already present - backups\images
20_13_03_713 [INFO] Directory already present - logs
20_13_03_713 [INFO] Directory already present - backups\blocks
20_13_03_714 [INFO] Directory already present - backups\images
20_13_03_780 [INFO] Directory already present - logs
20_13_03_781 [INFO] Directory already present - backups\blocks
20_13_03_781 [INFO] Directory already present - backups\images
20_13_03_841 [INFO] Directory already present - logs
20_13_03_842 [INFO] Directory already present - backups\blocks
20_13_03_842 [INFO] Directory already present - backups\images
20_13_03_904 [INFO] Directory already present - logs
20_13_03_904 [INFO] Directory already present - backups\blocks
20_13_03_905 [INFO] Directory already present - backups\images
20_13_03_967 [INFO] Directory already present - logs
20_13_03_968 [INFO] Directory already present - backups\blocks
20_13_03_968 [INFO] Directory already present - backups\images
20_13_04_033 [INFO] Directory already present - logs
20_13_04_033 [INFO] Directory already present - backups\blocks
20_13_04_034 [INFO] Directory already present - backups\images
20_13_04_098 [INFO] Directory already present - logs
20_13_04_099 [INFO] Directory already present - backups\blocks
20_13_04_099 [INFO] Directory already present - backups\images
20_13_04_162 [INFO] Directory already present - logs
20_13_04_163 [INFO] Directory already present - backups\blocks
20_13_04_163 [INFO] Directory already present - backups\images
20_13_04_229 [INFO] Directory already present - logs
20_13_04_229 [INFO] Directory already present - backups\blocks
20_13_04_230 [INFO] Directory already present - backups\images
20_13_04_292 [INFO] Directory already present - logs
20_13_04_293 [INFO] Directory already present - backups\blocks
20_13_04_293 [INFO] Directory already present - backups\images
20_13_04_355 [INFO] Directory already present - logs
20_13_04_355 [INFO] Directory already present - backups\blocks
20_13_04_356 [INFO] Directory already present - backups\images
20_13_04_437 [INFO] Directory already present - logs
20_13_04_438 [INFO] Directory already present - backups\blocks
20_13_04_438 [INFO] Directory already present - backups\images
20_13_04_503 [INFO] Directory already present - logs
20_13_04_503 [INFO] Directory already present - backups\blocks
20_13_04_504 [INFO] Directory already present - backups\images
20_13_04_568 [INFO] Directory already present - logs
20_13_04_568 [INFO] Directory already present - backups\blocks
20_13_04_569 [INFO] Directory already present - backups\images
20_13_04_627 [INFO] Directory already present - logs
20_13_04_627 [INFO] Directory already present - backups\blocks
20_13_04_627 [INFO] Directory already present - backups\images
20_13_04_714 [INFO] Directory already present - logs
20_13_04_715 [INFO] Directory already present - backups\blocks
20_13_04_715 [INFO] Directory already present - backups\images
20_13_04_784 [INFO] Directory already present - logs
20_13_04_784 [INFO] Directory already present - backups\blocks
20_13_04_785 [INFO] Directory already present - backups\images
20_13_04_854 [INFO] Directory already present - logs
20_13_04_854 [INFO] Directory already present - backups\blocks
20_13_04_855 [INFO] Directory already present - backups\images
20_13_04_921 [INFO] Directory already present - logs
20_13_04_921 [INFO] Directory already present - backups\blocks
20_13_04_921 [INFO] Directory already present - backups\images
20_13_04_984 [INFO] Directory already present - logs
20_13_04_984 [INFO] Directory already present - backups\blocks
20_13_04_985 [INFO] Directory already present - backups\images
20_13_05_053 [INFO] Directory already present - logs
20_13_05_054 [INFO] Directory already present - backups\blocks
20_13_05_054 [INFO] Directory already present - backups\images
20_13_05_125 [INFO] Directory already present - logs
20_13_05_126 [INFO] Directory already present - backups\blocks
20_13_05_126 [INFO] Directory already present - backups\images
20_13_05_195 [INFO] Directory already present - logs
20_13_05_196 [INFO] Directory already present - backups\blocks
20_13_05_196 [INFO] Directory already present - backups\images
20_13_05_264 [INFO] Directory already present - logs
20_13_05_264 [INFO] Directory already present - backups\blocks
20_13_05_264 [INFO] Directory already present - backups\images
20_13_05_333 [INFO] Directory already present - logs
20_13_05_333 [INFO] Directory already present - backups\blocks
20_13_05_334 [INFO] Directory already present - backups\images
20_13_05_401 [INFO] Directory already present - logs
20_13_05_401 [INFO] Directory already present - backups\blocks
20_13_05_402 [INFO] Directory already present - backups\images
20_13_05_469 [INFO] Directory already present - logs
20_13_05_469 [INFO] Directory already present - backups\blocks
20_13_05_470 [INFO] Directory already present - backups\images
20_13_05_538 [INFO] Directory already present - logs
20_13_05_538 [INFO] Directory already present - backups\blocks
20_13_05_539 [INFO] Directory already present - backups\images
20_13_05_608 [INFO] Directory already present - logs
20_13_05_609 [INFO] Directory already present - backups\blocks
20_13_05_609 [INFO] Directory already present - backups\images
20_13_05_673 [INFO] Directory already present - logs
20_13_05_673 [INFO] Directory already present - backups\blocks
20_13_05_674 [INFO] Directory already present - backups\images
20_13_05_739 [INFO] Directory already present - logs
20_13_05_740 [INFO] Directory already present - backups\blocks
20_13_05_740 [INFO] Directory already present - backups\images
20_13_05_808 [INFO] Directory already present - logs
20_13_05_809 [INFO] Directory already present - backups\blocks
20_13_05_809 [INFO] Directory already present - backups\images
20_13_05_877 [INFO] Directory already present - logs
20_13_05_877 [INFO] Directory already present - backups\blocks
20_13_05_878 [INFO] Directory already present - backups\images
20_13_05_941 [INFO] Directory already present - logs
20_13_05_942 [INFO] Directory already present - backups\blocks
20_13_05_942 [INFO] Directory already present - backups\images
20_13_06_007 [INFO] Directory already present - logs
20_13_06_007 [INFO] Directory already present - backups\blocks
20_13_06_008 [INFO] Directory already present - backups\images
20_13_06_076 [INFO] Directory already present - logs
20_13_06_076 [INFO] Directory already present - backups\blocks
20_13_06_077 [INFO] Directory already present - backups\images
20_13_06_144 [INFO] Directory already present - logs
20_13_06_145 [INFO] Directory already present - backups\blocks
20_13_06_146 [INFO] Directory already present - backups\images
20_13_06_217 [INFO] Directory already present - logs
20_13_06_218 [INFO] Directory already present - backups\blocks
20_13_06_218 [INFO] Directory already present - backups\images
20_13_06_282 [INFO] Directory already present - logs
20_13_06_283 [INFO] Directory already present - backups\blocks
20_13_06_283 [INFO] Directory already present - backups\images
20_13_06_352 [INFO] Directory already present - logs
20_13_06_352 [INFO] Directory already present - backups\blocks
20_13_06_352 [INFO] Directory already present - backups\images
20_13_06_420 [INFO] Directory already present - logs
20_13_06_420 [INFO] Directory already present - backups\blocks
20_13_06_421 [INFO] Directory already present - backups\images
20_13_06_487 [INFO] Directory already present - logs
20_13_06_487 [INFO] Directory already present - backups\blocks
20_13_06_487 [INFO] Directory already present - backups\images
20_13_06_553 [INFO] Directory already present - logs
20_13_06_553 [INFO] Directory already present - backups\blocks
20_13_06_553 [INFO] Directory already present - backups\images
20_13_06_618 [INFO] Directory already present - logs
20_13_06_618 [INFO] Directory already present - backups\blocks
20_13_06_619 [INFO] Directory already present - backups\images
20_13_06_684 [INFO] Directory already present - logs
20_13_06_684 [INFO] Directory already present - backups\blocks
20_13_06_685 [INFO] Directory already present - backups\images
20_13_06_750 [INFO] Directory already present - logs
20_13_06_750 [INFO] Directory already present - backups\blocks
20_13_06_751 [INFO] Directory already present - backups\images
20_13_06_814 [INFO] Directory already present - logs
20_13_06_814 [INFO] Directory already present - backups\blocks
20_13_06_815 [INFO] Directory already present - backups\images
20_13_06_884 [INFO] Directory already present - logs
20_13_06_885 [INFO] Directory already present - backups\blocks
20_13_06_885 [INFO] Directory already present - backups\images
20_13_06_951 [INFO] Directory already present - logs
20_13_06_952 [INFO] Directory already present - backups\blocks
20_13_06_952 [INFO] Directory already present - backups\images
20_13_07_015 [INFO] Directory already present - logs
20_13_07_016 [INFO] Directory already present - backups\blocks
20_13_07_016 [INFO] Directory already present - backups\images
20_13_07_081 [INFO] Directory already present - logs
20_13_07_081 [INFO] Directory already present - backups\blocks
20_13_07_081 [INFO] Directory already present - backups\images
20_13_07_146 [INFO] Directory already present - logs
20_13_07_147 [INFO] Directory already present - backups\blocks
20_13_07_147 [INFO] Directory already present - backups\images
20_13_07_212 [INFO] Directory already present - logs
20_13_07_213 [INFO] Directory already present - backups\blocks
20_13_07_213 [INFO] Directory already present - backups\images
20_13_07_277 [INFO] Directory already present - logs
20_13_07_278 [INFO] Directory already present - backups\blocks
20_13_07_278 [INFO] Directory already present - backups\images
20_13_07_349 [INFO] Directory already present - logs
20_13_07_349 [INFO] Directory already present - backups\blocks
20_13_07_349 [INFO] Directory already present - backups\images
20_13_07_419 [INFO] Directory already present - logs
20_13_07_419 [INFO] Directory already present - backups\blocks
20_13_07_420 [INFO] Directory already present - backups\images
20_13_07_487 [INFO] Directory already present - logs
20_13_07_487 [INFO] Directory already present - backups\blocks
20_13_07_488 [INFO] Directory already present - backups\images
20_13_07_555 [INFO] Directory already present - logs
20_13_07_556 [INFO] Directory already present - backups\blocks
20_13_07_556 [INFO] Directory already present - backups\images
20_13_07_622 [INFO] Directory already present - logs
20_13_07_623 [INFO] Directory already present - backups\blocks
20_13_07_623 [INFO] Directory already present - backups\images
20_13_07_689 [INFO] Directory already present - logs
20_13_07_689 [INFO] Directory already present - backups\blocks
20_13_07_689 [INFO] Directory already present - backups\images
20_13_07_754 [INFO] Directory already present - logs
20_13_07_755 [INFO] Directory already present - backups\blocks
20_13_07_756 [INFO] Directory already present - backups\images
20_13_07_820 [INFO] Directory already present - logs
20_13_07_821 [INFO] Directory already present - backups\blocks
20_13_07_821 [INFO] Directory already present - backups\images
20_13_07_884 [INFO] Directory already present - logs
20_13_07_884 [INFO] Directory already present - backups\blocks
20_13_07_885 [INFO] Directory already present - backups\images
20_13_07_948 [INFO] Directory already present - logs
20_13_07_948 [INFO] Directory already present - backups\blocks
20_13_07_949 [INFO] Directory already present - backups\images
20_13_08_008 [INFO] Directory already present - logs
20_13_08_008 [INFO] Directory already present - backups\blocks
20_13_08_009 [INFO] Directory already present - backups\images
20_13_08_069 [INFO] Directory already present - logs
20_13_08_070 [INFO] Directory already present - backups\blocks
20_13_08_070 [INFO] Directory already present - backups\images
20_13_08_133 [INFO] Directory already present - logs
20_13_08_134 [INFO] Directory already present - backups\blocks
20_13_08_134 [INFO] Directory already present - backups\images
20_13_08_197 [INFO] Directory already present - logs
20_13_08_197 [INFO] Directory already present - backups\blocks
20_13_08_197 [INFO] Directory already present - backups\images
20_13_08_258 [INFO] Directory already present - logs
20_13_08_258 [INFO] Directory already present - backups\blocks
20_13_08_258 [INFO] Directory already present - backups\images
20_13_08_320 [INFO] Directory already present - logs
20_13_08_320 [INFO] Directory already present - backups\blocks
20_13_08_320 [INFO] Directory already present - backups\images
20_13_08_383 [INFO] Directory already present - logs
20_13_08_384 [INFO] Directory already present - backups\blocks
20_13_08_384 [INFO] Directory already present - backups\images
20_13_08_444 [INFO] Directory already present - logs
20_13_08_445 [INFO] Directory already present - backups\blocks
20_13_08_445 [INFO] Directory already present - backups\images
20_13_08_507 [INFO] Directory already present - logs
20_13_08_507 [INFO] Directory already present - backups\blocks
20_13_08_508 [INFO] Directory already present - backups\images
20_13_08_570 [INFO] Directory already present - logs
20_13_08_570 [INFO] Directory already present - backups\blocks
20_13_08_570 [INFO] Directory already present - backups\images
20_13_08_633 [INFO] Directory already present - logs
20_13_08_633 [INFO] Directory already present - backups\blocks
20_13_08_634 [INFO] Directory already present - backups\images
20_13_08_702 [INFO] Directory already present - logs
20_13_08_704 [INFO] Directory already present - backups\blocks
20_13_08_704 [INFO] Directory already present - backups\images
20_13_08_781 [INFO] Directory already present - logs
20_13_08_782 [INFO] Directory already present - backups\blocks
20_13_08_782 [INFO] Directory already present - backups\images
20_13_08_845 [INFO] Directory already present - logs
20_13_08_846 [INFO] Directory already present - backups\blocks
20_13_08_847 [INFO] Directory already present - backups\images
20_13_08_910 [INFO] Directory already present - logs
20_13_08_911 [INFO] Directory already present - backups\blocks
20_13_08_912 [INFO] Directory already present - backups\images
20_13_08_974 [INFO] Directory already present - logs
20_13_08_974 [INFO] Directory already present - backups\blocks
20_13_08_975 [INFO] Directory already present - backups\images
20_13_09_039 [INFO] Directory already present - logs
20_13_09_039 [INFO] Directory already present - backups\blocks
20_13_09_040 [INFO] Directory already present - backups\images
20_13_09_103 [INFO] Directory already present - logs
20_13_09_104 [INFO] Directory already present - backups\blocks
20_13_09_104 [INFO] Directory already present - backups\images
20_13_09_168 [INFO] Directory already present - logs
20_13_09_168 [INFO] Directory already present - backups\blocks
20_13_09_168 [INFO] Directory already present - backups\images
20_13_09_231 [INFO] Directory already present - logs
20_13_09_232 [INFO] Directory already present - backups\blocks
20_13_09_232 [INFO] Directory already present - backups\images
20_13_09_301 [INFO] Directory already present - logs
20_13_09_302 [INFO] Directory already present - backups\blocks
20_13_09_303 [INFO] Directory already present - backups\images
20_13_09_380 [INFO] Directory already present - logs
20_13_09_380 [INFO] Directory already present - backups\blocks
20_13_09_381 [INFO] Directory already present - backups\images
20_13_09_447 [INFO] Directory already present - logs
20_13_09_448 [INFO] Directory already present - backups\blocks
20_13_09_448 [INFO] Directory already present - backups\images
20_13_09_512 [INFO] Directory already present - logs
20_13_09_512 [INFO] Directory already present - backups\blocks
20_13_09_513 [INFO] Directory already present - backups\images
20_13_09_577 [INFO] Directory already present - logs
20_13_09_577 [INFO] Directory already present - backups\blocks
20_13_09_578 [INFO] Directory already present - backups\images
20_13_09_641 [INFO] Directory already present - logs
20_13_09_642 [INFO] Directory already present - backups\blocks
20_13_09_642 [INFO] Directory already present - backups\images
20_13_09_705 [INFO] Directory already present - logs
20_13_09_705 [INFO] Directory already present - backups\blocks
20_13_09_706 [INFO] Directory already present - backups\images
20_13_09_770 [INFO] Directory already present - logs
20_13_09_771 [INFO] Directory already present - backups\blocks
20_13_09_771 [INFO] Directory already present - backups\images
20_13_09_836 [INFO] Directory already present - logs
20_13_09_836 [INFO] Directory already present - backups\blocks
20_13_09_837 [INFO] Directory already present - backups\images
20_13_09_899 [INFO] Directory already present - logs
20_13_09_899 [INFO] Directory already present - backups\blocks
20_13_09_899 [INFO] Directory already present - backups\images
20_13_09_961 [INFO] Directory already present - logs
20_13_09_962 [INFO] Directory already present - backups\blocks
20_13_09_962 [INFO] Directory already present - backups\images
20_13_10_025 [INFO] Directory already present - logs
20_13_10_025 [INFO] Directory already present - backups\blocks
20_13_10_026 [INFO] Directory already present - backups\images
20_13_10_089 [INFO] Directory already present - logs
20_13_10_089 [INFO] Directory already present - backups\blocks
20_13_10_089 [INFO] Directory already present - backups\images
20_13_10_148 [INFO] Directory already present - logs
20_13_10_149 [INFO] Directory already present - backups\blocks
20_13_10_149 [INFO] Directory already present - backups\images
20_13_10_265 [INFO] Directory already present - logs
20_13_10_266 [INFO] Directory already present - backups\blocks
20_13_10_266 [INFO] Directory already present - backups\images
20_13_10_329 [INFO] Directory already present - logs
20_13_10_330 [INFO] Directory already present - backups\blocks
20_13_10_330 [INFO] Directory already present - backups\images
20_13_10_392 [INFO] Directory already present - logs
20_13_10_392 [INFO] Directory already present - backups\blocks
20_13_10_392 [INFO] Directory already present - backups\images
20_13_10_483 [INFO] Directory already present - logs
20_13_10_483 [INFO] Directory already present - backups\blocks
20_13_10_484 [INFO] Directory already present - backups\images
20_13_10_549 [INFO] Directory already present - logs
20_13_10_550 [INFO] Directory already present - backups\blocks
20_13_10_550 [INFO] Directory already present - backups\images
20_13_53_136 [INFO] Directory already present - logs
20_13_53_137 [INFO] Directory already present - backups\blocks
20_13_53_137 [INFO] Directory already present - backups\images
20_13_56_041 [INFO] Directory already present - logs
20_13_56_041 [INFO] Directory already present - backups\blocks
20_13_56_042 [INFO] Directory already present - backups\images
20_13_56_961 [INFO] Directory already present - logs
20_13_56_962 [INFO] Directory already present - backups\blocks
20_13_56_962 [INFO] Directory already present - backups\images
20_14_13_346 [INFO] Directory already present - logs
20_14_13_347 [INFO] Directory already present - backups\blocks
20_14_13_347 [INFO] Directory already present - backups\images
20_14_24_818 [INFO] Directory already present - logs
20_14_24_818 [INFO] Directory already present - backups\blocks
20_14_24_819 [INFO] Directory already present - backups\images
20_14_24_819 [INFO] All directories needed are present
20_14_56_713 [INFO] Directory already present - logs
20_14_56_713 [INFO] Directory already present - backups\blocks
20_14_56_714 [INFO] Directory already present - backups\images
20_15_30_576 [INFO] Directory already present - logs
20_15_30_577 [INFO] Directory already present - backups\blocks
20_15_30_577 [INFO] Directory already present - backups\images
20_15_33_870 [INFO] Directory already present - logs
20_15_33_870 [INFO] Directory already present - backups\blocks
20_15_33_871 [INFO] Directory already present - backups\images
20_15_45_610 [INFO] Directory already present - logs
20_15_45_611 [INFO] Directory already present - backups\blocks
20_15_45_611 [INFO] Directory already present - backups\images
20_15_45_611 [INFO] All directories needed are present
20_15_58_609 [INFO] Directory already present - logs
20_15_58_609 [INFO] Directory already present - backups\blocks
20_15_58_610 [INFO] Directory already present - backups\images
20_15_58_610 [INFO] All directories needed are present
20_17_16_482 [INFO] Directory already present - logs
20_17_16_482 [INFO] Directory already present - backups\blocks
20_17_16_482 [INFO] Directory already present - backups\images
20_17_16_484 [INFO] All directories needed are present
20_17_40_635 [INFO] Directory already present - logs
20_17_40_636 [INFO] New directory has been created - backups\blocks
20_17_40_637 [INFO] New directory has been created - backups\images
20_17_59_457 [INFO] Directory already present - logs
20_17_59_458 [INFO] Directory already present - backups\blocks
20_17_59_458 [INFO] Directory already present - backups\images
20_17_59_459 [INFO] All directories needed are present
20_21_54_213 [INFO] Directory already present - logs
20_21_54_213 [INFO] Directory already present - backups\blocks
20_21_54_214 [INFO] Directory already present - backups\images
20_21_54_214 [INFO] All directories needed are present
20_21_58_582 [INFO] Directory already present - logs
20_21_58_584 [INFO] Directory already present - backups\blocks
20_21_58_584 [INFO] Directory already present - backups\images
20_21_58_584 [INFO] All directories needed are present
20_22_11_467 [INFO] Directory already present - logs
20_22_11_468 [INFO] Directory already present - backups\blocks
20_22_11_468 [INFO] Directory already present - backups\images
20_22_11_468 [INFO] All directories needed are present
20_33_43_420 [INFO] Directory already present - logs
20_33_43_420 [INFO] Directory already present - backups\blocks
20_33_43_421 [INFO] Directory already present - backups\images
20_33_43_421 [INFO] All directories needed are present
20_36_26_556 [INFO] Directory already present - logs
20_36_26_556 [INFO] Directory already present - backups\blocks
20_36_26_557 [INFO] Directory already present - backups\images
20_36_26_557 [INFO] All directories needed are present
22_13_23_466 [INFO] Directory already present - logs
22_13_23_467 [INFO] Directory already present - backups\blocks
22_13_23_467 [INFO] Directory already present - backups\images
22_13_23_468 [INFO] All directories needed are present
22_13_23_469 [INFO] Waiting for user input...
22_13_23_470 [INFO] Provided file extension is supported: jpg
22_13_57_385 [INFO] Directory already present - logs
22_13_57_386 [INFO] Directory already present - backups\blocks
22_13_57_386 [INFO] Directory already present - backups\images
22_13_57_387 [INFO] All directories needed are present
22_13_57_387 [INFO] Waiting for user input...
22_13_57_388 [ERROR] File with the provided extension is not supported: gif
22_14_47_651 [INFO] Directory already present - logs
22_14_47_652 [INFO] Directory already present - backups\blocks
22_14_47_652 [INFO] Directory already present - backups\images
22_14_47_652 [INFO] All directories needed are present
22_14_47_653 [INFO] Waiting for user input...
22_14_47_653 [ERROR] File with the provided extension is not supported: gif
22_15_07_814 [INFO] Directory already present - logs
22_15_07_814 [INFO] Directory already present - backups\blocks
22_15_07_815 [INFO] Directory already present - backups\images
22_15_07_815 [INFO] All directories needed are present
22_15_07_816 [INFO] Waiting for user input...
22_15_07_816 [ERROR] File with the provided extension is not supported: gif
22_15_33_972 [INFO] Directory already present - logs
22_15_33_972 [INFO] Directory already present - backups\blocks
22_15_33_973 [INFO] Directory already present - backups\images
22_15_33_973 [INFO] All directories needed are present
22_15_33_974 [INFO] Waiting for user input...
22_15_33_974 [ERROR] File with the provided extension is not supported: gif
22_15_42_097 [INFO] Directory already present - logs
22_15_42_098 [INFO] Directory already present - backups\blocks
22_15_42_098 [INFO] Directory already present - backups\images
22_15_42_099 [INFO] All directories needed are present
22_15_42_099 [INFO] Waiting for user input...
22_15_42_099 [ERROR] File with the provided extension is not supported: gif
22_15_58_043 [INFO] Directory already present - logs
22_15_58_044 [INFO] Directory already present - backups\blocks
22_15_58_045 [INFO] Directory already present - backups\images
22_15_58_046 [INFO] All directories needed are present
22_15_58_046 [INFO] Waiting for user input...
22_15_58_047 [ERROR] File with the provided extension is not supported: gif
22_16_09_161 [INFO] Directory already present - logs
22_16_09_162 [INFO] Directory already present - backups\blocks
22_16_09_162 [INFO] Directory already present - backups\images
22_16_09_163 [INFO] All directories needed are present
22_16_09_163 [INFO] Waiting for user input...
22_16_09_164 [ERROR] File with the provided extension is not supported: gif
22_16_14_002 [INFO] Directory already present - logs
22_16_14_002 [INFO] Directory already present - backups\blocks
22_16_14_003 [INFO] Directory already present - backups\images
22_16_14_003 [INFO] All directories needed are present
22_16_14_003 [INFO] Waiting for user input...
22_16_14_004 [ERROR] File with the provided extension is not supported: gif
22_17_43_340 [INFO] Directory already present - logs
22_17_43_341 [INFO] Directory already present - backups\blocks
22_17_43_341 [INFO] Directory already present - backups\images
22_17_43_342 [INFO] All directories needed are present
22_17_43_342 [INFO] Waiting for user input...
22_17_43_342 [ERROR] File with the provided extension is not supported: gif
22_17_52_498 [INFO] Directory already present - logs
22_17_52_499 [INFO] Directory already present - backups\blocks
22_17_52_499 [INFO] Directory already present - backups\images
22_17_52_500 [INFO] All directories needed are present
22_17_52_501 [INFO] Waiting for user input...
22_17_52_501 [ERROR] File with the provided extension is not supported: gif
22_17_58_386 [INFO] Directory already present - logs
22_17_58_386 [INFO] Directory already present - backups\blocks
22_17_58_387 [INFO] Directory already present - backups\images
22_17_58_387 [INFO] All directories needed are present
22_17_58_387 [INFO] Waiting for user input...
22_17_58_388 [ERROR] File with the provided extension is not supported: gif
22_18_18_260 [INFO] Directory already present - logs
22_18_18_260 [INFO] Directory already present - backups\blocks
22_18_18_260 [INFO] Directory already present - backups\images
22_18_18_261 [INFO] All directories needed are present
22_18_18_261 [INFO] Waiting for user input...
22_18_18_262 [ERROR] File with the provided extension is not supported: file
22_18_34_515 [INFO] Directory already present - logs
22_18_34_515 [INFO] Directory already present - backups\blocks
22_18_34_515 [INFO] Directory already present - backups\images
22_18_34_516 [INFO] All directories needed are present
22_18_34_516 [INFO] Waiting for user input...
22_18_34_516 [ERROR] File with the provided extension is not supported: lol/giffile
22_20_04_430 [INFO] Directory already present - logs
22_20_04_431 [INFO] Directory already present - backups\blocks
22_20_04_431 [INFO] Directory already present - backups\images
22_20_04_432 [INFO] All directories needed are present
22_20_04_432 [INFO] Waiting for user input...
22_20_04_432 [ERROR] File with the provided extension is not supported: file/file
22_20_13_601 [INFO] Directory already present - logs
22_20_13_601 [INFO] Directory already present - backups\blocks
22_20_13_602 [INFO] Directory already present - backups\images
22_20_13_602 [INFO] All directories needed are present
22_20_13_602 [INFO] Waiting for user input...
22_20_13_603 [ERROR] File with the provided extension is not supported: file\file
22_20_18_965 [INFO] Directory already present - logs
22_20_18_965 [INFO] Directory already present - backups\blocks
22_20_18_965 [INFO] Directory already present - backups\images
22_20_18_966 [INFO] All directories needed are present
22_20_18_966 [INFO] Waiting for user input...
22_20_18_967 [ERROR] File with the provided extension is not supported: file\\file
22_20_40_030 [INFO] Directory already present - logs
22_20_40_030 [INFO] Directory already present - backups\blocks
22_20_40_030 [INFO] Directory already present - backups\images
22_20_40_031 [INFO] All directories needed are present
22_20_40_031 [INFO] Waiting for user input...
22_20_40_032 [ERROR] File with the provided extension is not supported: file\\file
22_20_50_231 [INFO] Directory already present - logs
22_20_50_232 [INFO] Directory already present - backups\blocks
22_20_50_232 [INFO] Directory already present - backups\images
22_20_50_232 [INFO] All directories needed are present
22_20_50_233 [INFO] Waiting for user input...
22_20_50_233 [ERROR] File with the provided extension is not supported: file/file
22_20_57_307 [INFO] Directory already present - logs
22_20_57_307 [INFO] Directory already present - backups\blocks
22_20_57_307 [INFO] Directory already present - backups\images
22_20_57_308 [INFO] All directories needed are present
22_20_57_308 [INFO] Waiting for user input...
22_20_57_309 [ERROR] File with the provided extension is not supported: file.jig
22_21_06_496 [INFO] Directory already present - logs
22_21_06_497 [INFO] Directory already present - backups\blocks
22_21_06_497 [INFO] Directory already present - backups\images
22_21_06_498 [INFO] All directories needed are present
22_21_06_498 [INFO] Waiting for user input...
22_21_06_498 [ERROR] File with the provided extension is not supported: jig
22_22_03_237 [INFO] Directory already present - logs
22_22_03_237 [INFO] Directory already present - backups\blocks
22_22_03_238 [INFO] Directory already present - backups\images
22_22_03_238 [INFO] All directories needed are present
22_22_03_239 [INFO] Waiting for user input...
22_22_03_239 [ERROR] File with the provided extension is not supported: jig
22_23_09_218 [INFO] Directory already present - logs
22_23_09_219 [INFO] Directory already present - backups\blocks
22_23_09_219 [INFO] Directory already present - backups\images
22_23_09_220 [INFO] All directories needed are present
22_23_09_220 [INFO] Waiting for user input...
22_23_09_220 [ERROR] File with the provided extension is not supported: jig
22_23_17_309 [INFO] Directory already present - logs
22_23_17_309 [INFO] Directory already present - backups\blocks
22_23_17_310 [INFO] Directory already present - backups\images
22_23_17_310 [INFO] All directories needed are present
22_23_17_311 [INFO] Waiting for user input...
22_23_17_311 [ERROR] File with the provided extension is not supported: jig
22_24_47_988 [INFO] Directory already present - logs
22_24_47_988 [INFO] Directory already present - backups\blocks
22_24_47_988 [INFO] Directory already present - backups\images
22_24_47_989 [INFO] All directories needed are present
22_24_47_989 [INFO] Waiting for user input...
22_24_47_990 [ERROR] File with the provided extension is not supported: jig
22_25_45_640 [INFO] Directory already present - logs
22_25_45_641 [INFO] Directory already present - backups\blocks
22_25_45_641 [INFO] Directory already present - backups\images
22_25_45_641 [INFO] All directories needed are present
22_25_45_642 [INFO] Waiting for user input...
22_25_45_642 [ERROR] File with the provided extension is not supported: jig
22_25_59_721 [INFO] Directory already present - logs
22_25_59_721 [INFO] Directory already present - backups\blocks
22_25_59_722 [INFO] Directory already present - backups\images
22_25_59_722 [INFO] All directories needed are present
22_25_59_723 [INFO] Waiting for user input...
22_25_59_723 [ERROR] File with the provided extension is not supported: jig
22_27_09_797 [INFO] Directory already present - logs
22_27_09_798 [INFO] Directory already present - backups\blocks
22_27_09_798 [INFO] Directory already present - backups\images
22_27_09_798 [INFO] All directories needed are present
22_27_09_799 [INFO] Waiting for user input...
22_27_09_799 [ERROR] File with the provided extension is not supported: jig
22_28_37_215 [INFO] Directory already present - logs
22_28_37_216 [INFO] Directory already present - backups\blocks
22_28_37_216 [INFO] Directory already present - backups\images
22_28_37_217 [INFO] All directories needed are present
22_28_37_217 [INFO] Waiting for user input...
22_28_37_217 [ERROR] File with the provided extension is not supported: jig
22_28_48_134 [INFO] Directory already present - logs
22_28_48_134 [INFO] Directory already present - backups\blocks
22_28_48_135 [INFO] Directory already present - backups\images
22_28_48_135 [INFO] All directories needed are present
22_28_48_136 [INFO] Waiting for user input...
22_28_48_136 [ERROR] File with the provided extension is not supported: jig
22_28_59_189 [INFO] Directory already present - logs
22_28_59_189 [INFO] Directory already present - backups\blocks
22_28_59_189 [INFO] Directory already present - backups\images
22_28_59_190 [INFO] All directories needed are present
22_28_59_190 [INFO] Waiting for user input...
22_28_59_191 [ERROR] File with the provided extension is not supported: jig
22_29_08_329 [INFO] Directory already present - logs
22_29_08_330 [INFO] Directory already present - backups\blocks
22_29_08_330 [INFO] Directory already present - backups\images
22_29_08_330 [INFO] All directories needed are present
22_29_08_330 [INFO] Waiting for user input...
22_29_08_331 [ERROR] File with the provided extension is not supported: jig
22_30_08_942 [INFO] Directory already present - logs
22_30_08_943 [INFO] Directory already present - backups\blocks
22_30_08_943 [INFO] Directory already present - backups\images
22_30_08_944 [INFO] All directories needed are present
22_30_08_945 [INFO] Waiting for user input...
22_30_29_133 [INFO] Directory already present - logs
22_30_29_133 [INFO] Directory already present - backups\blocks
22_30_29_133 [INFO] Directory already present - backups\images
22_30_29_133 [INFO] All directories needed are present
22_30_29_135 [INFO] Waiting for user input...
22_30_29_135 [ERROR] File with the provided extension is not supported: jig
22_30_35_979 [INFO] Directory already present - logs
22_30_35_979 [INFO] Directory already present - backups\blocks
22_30_35_979 [INFO] Directory already present - backups\images
22_30_35_980 [INFO] All directories needed are present
22_30_35_980 [INFO] Waiting for user input...
22_30_35_981 [INFO] Provided file extension is supported: png
22_35_04_364 [INFO] Directory already present - logs
22_35_04_365 [INFO] Directory already present - backups\blocks
22_35_04_365 [INFO] Directory already present - backups\images
22_35_04_365 [INFO] All directories needed are present
22_35_04_366 [INFO] Waiting for user input...
22_35_04_367 [INFO] Provided file extension is supported: png
22_36_05_063 [INFO] Directory already present - logs
22_36_05_063 [INFO] Directory already present - backups\blocks
22_36_05_063 [INFO] Directory already present - backups\images
22_36_05_064 [INFO] All directories needed are present
22_36_05_064 [INFO] Waiting for user input...
22_36_05_064 [INFO] Provided file extension is supported: png
22_36_36_222 [INFO] Directory already present - logs
22_36_36_222 [INFO] Directory already present - backups\blocks
22_36_36_223 [INFO] Directory already present - backups\images
22_36_36_223 [INFO] All directories needed are present
22_36_36_223 [INFO] Waiting for user input...
22_36_36_224 [INFO] Provided file extension is supported: png
22_36_48_153 [INFO] Directory already present - logs
22_36_48_153 [INFO] Directory already present - backups\blocks
22_36_48_154 [INFO] Directory already present - backups\images
22_36_48_154 [INFO] All directories needed are present
22_36_48_154 [INFO] Waiting for user input...
22_36_48_155 [INFO] Provided file extension is supported: png
22_38_06_986 [INFO] Directory already present - logs
22_38_06_987 [INFO] Directory already present - backups\blocks
22_38_06_987 [INFO] Directory already present - backups\images
22_38_06_988 [INFO] All directories needed are present
22_38_06_988 [INFO] Waiting for user input...
22_38_06_989 [INFO] Provided file extension is supported: png
22_40_31_639 [INFO] Directory already present - logs
22_40_31_640 [INFO] Directory already present - backups\blocks
22_40_31_640 [INFO] Directory already present - backups\images
22_40_31_641 [INFO] All directories needed are present
22_40_31_641 [INFO] Waiting for user input...
22_40_31_642 [INFO] Provided file extension is supported: png
22_45_49_916 [INFO] Directory already present - logs
presentDirlogs
22_45_49_917 [INFO] Directory already present - backups\blocks
presentDirbackups\blocks
22_45_49_918 [INFO] Directory already present - backups\images
presentDirbackups\images
22_45_49_919 [INFO] All directories needed are present
dirsPresent
22_45_49_920 [INFO] Waiting for user input...
waitInput
22_45_49_921 [INFO] Provided file extension is supported: png
correctFilepng
22_46_04_441 [INFO] Directory already present - logs
 Directory already present - logs
22_46_04_442 [INFO] Directory already present - backups\blocks
 Directory already present - backups\blocks
22_46_04_443 [INFO] Directory already present - backups\images
 Directory already present - backups\images
22_46_04_444 [INFO] All directories needed are present
 All directories needed are present
22_46_04_445 [INFO] Waiting for user input...
  Waiting for user input...
22_46_04_446 [INFO] Provided file extension is supported: png
 Provided file extension is supported: png
22_46_28_315 [INFO] Directory already present - logs
 Directory already present - logs
22_46_28_317 [INFO] Directory already present - backups\blocks
 Directory already present - backups\blocks
22_46_28_318 [INFO] Directory already present - backups\images
 Directory already present - backups\images
22_46_28_319 [INFO] All directories needed are present
 All directories needed are present
22_46_28_320 [INFO] Waiting for user input...
 Waiting for user input...
22_46_28_321 [INFO] Provided file extension is supported: png
 Provided file extension is supported: png
22_49_50_851 [INFO] Directory already present - logs
22_49_50_851 [INFO] Directory already present - backups\blocks
22_49_50_852 [INFO] Directory already present - backups\images
22_49_50_852 [INFO] All directories needed are present
22_49_50_853 [INFO] Waiting for user input...
22_49_50_853 [INFO] Provided file extension is supported: png
22_50_08_689 [INFO] Directory already present - logs
22_50_08_689 [INFO] Directory already present - backups\blocks
22_50_08_690 [INFO] Directory already present - backups\images
22_50_08_690 [INFO] All directories needed are present
22_50_08_691 [INFO] Waiting for user input...
22_50_08_692 [ERROR] File with the provided extension is not supported: gif
22_54_39_662 [INFO] Directory already present - logs
22_54_39_662 [INFO] Directory already present - backups\blocks
22_54_39_663 [INFO] Directory already present - backups\images
22_54_39_663 [INFO] All directories needed are present
22_54_39_664 [INFO] Waiting for user input...
22_54_39_664 [ERROR] File with the provided extension is not supported: gif
22_54_52_770 [INFO] Directory already present - logs
22_54_52_771 [INFO] Directory already present - backups\blocks
22_54_52_771 [INFO] Directory already present - backups\images
22_54_52_772 [INFO] All directories needed are present
22_54_52_772 [INFO] Waiting for user input...
22_54_52_773 [ERROR] File with the provided extension is not supported: gif
22_55_10_078 [INFO] Directory already present - logs
22_55_10_079 [INFO] Directory already present - backups\blocks
22_55_10_080 [INFO] Directory already present - backups\images
22_55_10_080 [INFO] All directories needed are present
22_55_10_082 [INFO] Waiting for user input...
22_55_10_084 [ERROR] File with the provided extension is not supported: gif
23_15_17_097 [INFO] Directory already present - logs
23_15_17_098 [INFO] Directory already present - backups\blocks
23_15_17_099 [INFO] Directory already present - backups\images
23_15_17_099 [INFO] All directories needed are present
23_15_17_100 [INFO] Waiting for user input...
23_15_17_101 [ERROR] File with the provided extension is not supported: gif
23_15_32_664 [INFO] Directory already present - logs
23_15_32_665 [INFO] Directory already present - backups\blocks
23_15_32_665 [INFO] Directory already present - backups\images
23_15_32_666 [INFO] All directories needed are present
23_15_32_666 [INFO] Waiting for user input...
23_15_32_667 [ERROR] File with the provided extension is not supported: gif
23_16_14_708 [INFO] Directory already present - logs
23_16_14_708 [INFO] Directory already present - backups\blocks
23_16_14_709 [INFO] Directory already present - backups\images
23_16_14_709 [INFO] All directories needed are present
23_16_14_710 [INFO] Waiting for user input...
23_16_14_710 [INFO] Provided file extension is supported: jpg
23_20_57_535 [INFO] Directory already present - logs
23_20_57_535 [INFO] Directory already present - backups\blocks
23_20_57_536 [INFO] Directory already present - backups\images
23_20_57_536 [INFO] All directories needed are present
23_20_57_537 [INFO] Waiting for user input...
23_21_45_015 [INFO] Directory already present - logs
23_21_45_016 [INFO] Directory already present - backups\blocks
23_21_45_017 [INFO] Directory already present - backups\images
23_21_45_018 [INFO] All directories needed are present
23_21_45_018 [INFO] Waiting for user input...
23_22_16_495 [INFO] Directory already present - logs
23_22_16_496 [INFO] Directory already present - backups\blocks
23_22_16_497 [INFO] Directory already present - backups\images
23_22_16_497 [INFO] All directories needed are present
23_22_16_498 [INFO] Waiting for user input...
23_26_14_249 [INFO] Directory already present - logs
23_26_14_250 [INFO] Directory already present - backups\blocks
23_26_14_250 [INFO] Directory already present - backups\images
23_26_14_251 [INFO] All directories needed are present
23_26_14_251 [INFO] Waiting for user input...
23_26_32_291 [INFO] Directory already present - logs
23_26_32_292 [INFO] Directory already present - backups\blocks
23_26_32_292 [INFO] Directory already present - backups\images
23_26_32_294 [INFO] All directories needed are present
23_26_32_295 [INFO] Waiting for user input...
23_26_46_719 [INFO] Directory already present - logs
23_26_46_720 [INFO] Directory already present - backups\blocks
23_26_46_721 [INFO] Directory already present - backups\images
23_26_46_722 [INFO] All directories needed are present
23_26_46_723 [INFO] Waiting for user input...
23_27_06_337 [INFO] Directory already present - logs
23_27_06_338 [INFO] Directory already present - backups\blocks
23_27_06_339 [INFO] Directory already present - backups\images
23_27_06_339 [INFO] All directories needed are present
23_27_06_341 [INFO] Waiting for user input...
23_27_52_265 [INFO] Directory already present - logs
23_27_52_266 [INFO] Directory already present - backups\blocks
23_27_52_267 [INFO] Directory already present - backups\images
23_27_52_268 [INFO] All directories needed are present
23_27_52_269 [INFO] Waiting for user input...
23_28_49_919 [INFO] Directory already present - logs
23_28_49_920 [INFO] Directory already present - backups\blocks
23_28_49_920 [INFO] Directory already present - backups\images
23_28_49_921 [INFO] All directories needed are present
23_28_49_922 [INFO] Waiting for user input...
23_29_27_853 [INFO] Directory already present - logs
23_29_27_853 [INFO] Directory already present - backups\blocks
23_29_27_854 [INFO] Directory already present - backups\images
23_29_27_855 [INFO] All directories needed are present
23_29_27_855 [INFO] Waiting for user input...
23_29_47_548 [INFO] Directory already present - logs
23_29_47_549 [INFO] Directory already present - backups\blocks
23_29_47_549 [INFO] Directory already present - backups\images
23_29_47_550 [INFO] All directories needed are present
23_29_47_551 [INFO] Waiting for user input...
23_30_16_504 [INFO] Directory already present - logs
23_30_16_505 [INFO] Directory already present - backups\blocks
23_30_16_505 [INFO] Directory already present - backups\images
23_30_16_505 [INFO] All directories needed are present
23_30_16_506 [INFO] Waiting for user input...
23_30_16_507 [INFO] New directory has been created - 2
23_30_16_508 [INFO] New directory has been created - 1
23_30_16_509 [INFO] New directory has been created - 1
23_30_16_509 [INFO] New directory has been created - 2
23_30_16_510 [INFO] New directory has been created - 0
23_30_16_511 [INFO] New directory has been created - 5
23_30_16_512 [INFO] New directory has been created - _
23_30_16_512 [INFO] New directory has been created - 2
23_30_16_513 [INFO] New directory has been created - 3
23_30_16_514 [INFO] New directory has been created - 3
23_30_16_514 [INFO] New directory has been created - 0
23_30_16_515 [INFO] New directory has been created - 1
23_30_16_522 [INFO] New directory has been created - 6
23_30_16_523 [INFO] New directory has been created - 5
23_30_16_524 [INFO] New directory has been created - 0
23_30_45_849 [INFO] Directory already present - logs
23_30_45_850 [INFO] Directory already present - backups\blocks
23_30_45_851 [INFO] Directory already present - backups\images
23_30_45_852 [INFO] All directories needed are present
23_30_45_853 [INFO] Waiting for user input...
23_31_10_699 [INFO] Directory already present - logs
23_31_10_700 [INFO] Directory already present - backups\blocks
23_31_10_700 [INFO] Directory already present - backups\images
23_31_10_701 [INFO] All directories needed are present
23_31_10_702 [INFO] Waiting for user input...
23_31_10_702 [INFO] New directory has been created - 2
23_31_10_703 [INFO] New directory has been created - 1
23_31_10_704 [INFO] New directory has been created - 1
23_31_10_705 [INFO] New directory has been created - 2
23_31_10_707 [INFO] New directory has been created - 0
23_31_10_708 [INFO] New directory has been created - 5
23_31_10_709 [INFO] New directory has been created - _
23_31_10_710 [INFO] New directory has been created - 2
23_31_10_710 [INFO] New directory has been created - 3
23_31_10_711 [INFO] New directory has been created - 3
23_31_10_712 [INFO] New directory has been created - 1
23_31_10_712 [INFO] New directory has been created - 1
23_31_10_713 [INFO] New directory has been created - 0
23_31_10_713 [INFO] New directory has been created - 7
23_31_10_714 [INFO] New directory has been created - 0
23_31_48_586 [INFO] Directory already present - logs
23_31_48_588 [INFO] Directory already present - backups\blocks
23_31_48_588 [INFO] Directory already present - backups\images
23_31_48_589 [INFO] All directories needed are present
23_31_48_590 [INFO] Waiting for user input...
23_31_48_591 [INFO] New directory has been created - 2
23_31_48_591 [INFO] New directory has been created - 1
23_31_48_592 [INFO] New directory has been created - 1
23_31_48_593 [INFO] New directory has been created - 2
23_31_48_594 [INFO] New directory has been created - 0
23_31_48_594 [INFO] New directory has been created - 5
23_31_48_595 [INFO] New directory has been created - _
23_31_48_596 [INFO] New directory has been created - 2
23_31_48_596 [INFO] New directory has been created - 3
23_31_48_597 [INFO] New directory has been created - 3
23_31_48_597 [INFO] New directory has been created - 1
23_31_48_598 [INFO] New directory has been created - 4
23_31_48_598 [INFO] New directory has been created - 8
23_31_48_599 [INFO] New directory has been created - 5
23_31_48_600 [INFO] New directory has been created - 9
23_32_11_091 [INFO] Directory already present - logs
23_32_11_091 [INFO] Directory already present - backups\blocks
23_32_11_092 [INFO] Directory already present - backups\images
23_32_11_092 [INFO] All directories needed are present
23_32_11_093 [INFO] Waiting for user input...
23_32_11_094 [INFO] New directory has been created - 2
23_32_11_095 [INFO] New directory has been created - 1
23_32_11_096 [INFO] New directory has been created - 1
23_32_11_096 [INFO] New directory has been created - 2
23_32_11_098 [INFO] New directory has been created - 0
23_32_11_099 [INFO] New directory has been created - 5
23_32_11_100 [INFO] New directory has been created - _
23_32_11_100 [INFO] New directory has been created - 2
23_32_11_101 [INFO] New directory has been created - 3
23_32_11_101 [INFO] New directory has been created - 3
23_32_11_101 [INFO] New directory has been created - 2
23_32_11_102 [INFO] New directory has been created - 1
23_32_11_103 [INFO] New directory has been created - 1
23_32_11_104 [INFO] New directory has been created - 0
23_32_11_105 [INFO] New directory has been created - 9
23_35_47_389 [INFO] Directory already present - logs
23_35_47_390 [INFO] Directory already present - backups\blocks
23_35_47_391 [INFO] Directory already present - backups\images
23_35_47_391 [INFO] All directories needed are present
23_35_47_392 [INFO] Waiting for user input...
23_36_13_931 [INFO] Directory already present - logs
23_36_13_932 [INFO] Directory already present - backups\blocks
23_36_13_932 [INFO] Directory already present - backups\images
23_36_13_933 [INFO] All directories needed are present
23_36_13_933 [INFO] Waiting for user input...
23_36_13_934 [INFO] New directory has been created - 211205_23361393
23_36_37_428 [INFO] Directory already present - logs
23_36_37_429 [INFO] Directory already present - backups\blocks
23_36_37_429 [INFO] Directory already present - backups\images
23_36_37_430 [INFO] All directories needed are present
23_36_37_430 [INFO] Waiting for user input...
23_36_37_431 [INFO] New directory has been created - copied_211205_23363743
23_37_24_296 [INFO] Waiting for user input...
23_37_40_151 [INFO] Waiting for user input...
23_38_29_000 [INFO] Waiting for user input...
23_38_29_001 [INFO] New directory has been created - 211205_23382900
23_40_00_163 [INFO] Waiting for user input...
23_40_00_164 [INFO] New directory has been created - 211205_23400016
23_42_41_061 [INFO] Directory already present - logs
23_42_41_062 [INFO] Directory already present - backups\blocks
23_42_41_063 [INFO] Directory already present - backups\images
23_42_41_063 [INFO] All directories needed are present
23_42_41_064 [INFO] Waiting for user input...
23_42_41_064 [INFO] New directory has been created - 211205_23424106
23_42_41_065 [INFO] Provided file extension is supported: jpg
23_43_24_122 [INFO] Directory already present - logs
23_43_24_122 [INFO] Directory already present - backups\blocks
23_43_24_123 [INFO] Directory already present - backups\images
23_43_24_123 [INFO] All directories needed are present
23_43_24_124 [INFO] Waiting for user input...
23_43_30_306 [INFO] New directory has been created - 211205_23433030
23_43_30_307 [INFO] Provided file extension is supported: jpg
23_45_09_964 [INFO] Directory already present - logs
23_45_09_965 [INFO] Directory already present - backups\blocks
23_45_09_965 [INFO] Directory already present - backups\images
23_45_09_966 [INFO] All directories needed are present
23_45_09_966 [INFO] Waiting for user input...
23_45_15_658 [INFO] New directory has been created - 211205_23451565
23_45_15_659 [INFO] Provided file extension is supported: jpg
23_46_09_875 [INFO] Directory already present - logs
23_46_09_876 [INFO] Directory already present - backups\blocks
23_46_09_876 [INFO] Directory already present - backups\images
23_46_09_877 [INFO] All directories needed are present
23_46_09_877 [INFO] Waiting for user input...
23_46_12_714 [INFO] New directory has been created - 211205_23461271
23_46_12_715 [INFO] Provided file extension is supported: jpg
23_47_09_880 [INFO] Directory already present - logs
23_47_09_881 [INFO] Directory already present - backups\blocks
23_47_09_881 [INFO] Directory already present - backups\images
23_47_09_882 [INFO] All directories needed are present
23_47_09_882 [INFO] Waiting for user input...
23_47_20_606 [INFO] New directory has been created - 211205_23472060
23_47_20_607 [INFO] Provided file extension is supported: jpg
23_47_48_931 [INFO] Directory already present - logs
23_47_48_932 [INFO] Directory already present - backups\blocks
23_47_48_932 [INFO] Directory already present - backups\images
23_47_48_933 [INFO] All directories needed are present
23_47_48_934 [INFO] Waiting for user input...
23_47_51_225 [INFO] New directory has been created - 211205_23475122
23_47_51_226 [INFO] Provided file extension is supported: jpg
23_48_41_295 [INFO] Directory already present - logs
23_48_41_296 [INFO] Directory already present - backups\blocks
23_48_41_296 [INFO] Directory already present - backups\images
23_48_41_296 [INFO] All directories needed are present
23_48_41_297 [INFO] Waiting for user input...
23_48_52_476 [INFO] New directory has been created - 211205_23485247
23_48_52_477 [INFO] Provided file extension is supported: jpg
23_50_43_508 [INFO] Directory already present - logs
23_50_43_508 [INFO] Directory already present - backups\blocks
23_50_43_509 [INFO] Directory already present - backups\images
23_50_43_509 [INFO] All directories needed are present
23_50_43_510 [INFO] Waiting for user input...
23_50_48_157 [INFO] New directory has been created - 211205_23504815
23_50_48_157 [INFO] Provided file extension is supported: jpg
23_52_41_436 [INFO] Directory already present - logs
23_52_41_436 [INFO] Directory already present - backups\blocks
23_52_41_437 [INFO] Directory already present - backups\images
23_52_41_437 [INFO] All directories needed are present
23_52_41_438 [INFO] Waiting for user input...
23_52_49_684 [INFO] New directory has been created - 211205_23524968
23_52_49_684 [INFO] Provided file extension is supported: jpg
23_53_55_691 [INFO] Directory already present - logs
23_53_55_692 [INFO] Directory already present - backups\blocks
23_53_55_692 [INFO] Directory already present - backups\images
23_53_55_693 [INFO] All directories needed are present
23_53_55_694 [INFO] Waiting for user input...
23_53_55_694 [INFO] New directory has been created - 211205_23535569
23_53_55_695 [INFO] Provided file extension is supported: jpg
23_57_05_611 [INFO] Directory already present - logs
23_57_05_611 [INFO] Directory already present - backups\blocks
23_57_05_612 [INFO] Directory already present - backups\images
23_57_05_613 [INFO] All directories needed are present
23_57_05_613 [INFO] Waiting for user input...
23_57_05_614 [INFO] New directory has been created - 211205_23570561
23_57_05_615 [INFO] Provided file extension is supported: jpg
23_58_36_188 [INFO] Directory already present - logs
23_58_36_188 [INFO] Directory already present - backups\blocks
23_58_36_189 [INFO] Directory already present - backups\images
23_58_36_189 [INFO] All directories needed are present
23_58_36_190 [INFO] Waiting for user input...
23_58_36_191 [INFO] New directory has been created - 211205_23583619
23_58_36_191 [INFO] Provided file extension is supported: jpg
23_59_05_948 [INFO] Directory already present - logs
23_59_05_949 [INFO] Directory already present - backups\blocks
23_59_05_950 [INFO] Directory already present - backups\images
23_59_05_951 [INFO] All directories needed are present
23_59_05_951 [INFO] Waiting for user input...
23_59_05_952 [INFO] New directory has been created - 211205_23590595/
23_59_05_952 [INFO] Provided file extension is supported: jpg
